106647
unfair
[]
106401
fair
[]
106488
fair
[]
101367
fair
[]
100001
fair
[]
100005
fair
[]
100028
fair
[]
100013
unfair
[]
100028
unfair
[]
100038
fair
[]
100042
unfair
[]
100091
unfair
[]
100057
fair
[]
100065
fair
[]
100107
fair
[]
100092
fair
[]
100067
unfair
[]
100067
fair
[]
100042
fair
[]
100013
fair
[]
100090
fair
[]
100109
fair
[]
100128
fair
[]
100106
unfair
[]
100170
unfair
[]
100150
fair
[]
100171
unfair
[]
100172
unfair
[]
100184
fair
[]
100232
fair
[]
100241
unfair
[]
100253
fair
[]
100222
fair
[]
100141
unfair
[]
100256
unfair
[]
100117
fair
[]
100330
unfair
[]
100306
unfair
[]
100382
fair
[]
100212
fair
[]
100358
fair
[]
100384
fair
[]
100278
unfair
[]
100367
fair
[]
100312
fair
[]
100168
fair
[]
100223
fair
[]
100331
fair
[]
100404
fair
[]
100422
unfair
[]
100444
unfair
[]
100386
fair
[]
100445
unfair
[]
100466
unfair
[]
100466
fair
[]
100450
fair
[]
100358
unfair
[]
100426
fair
[]
100446
fair
[]
