106647
unfair
[]
106401
unfair
[]
106401
fair
[]
106401
unfair
[]
106488
unfair
[]
101367
unfair
[]
100241
unfair
[]
106802
unfair
[]
105035
unfair
[]
104860
unfair
[]
103570
unfair
[]
100445
unfair
[]
100278
unfair
[]
103102
unfair
[]
105231
unfair
[]
106585
unfair
[]
104410
unfair
[]
105067
unfair
[]
105802
unfair
[]
104398
unfair
[]
101715
unfair
[]
102701
unfair
[]
106354
unfair
[]
105672
unfair
[]
104320
unfair
[]
101225
unfair
[]
103420
unfair
[]
102450
unfair
[]
105528
unfair
[]
101008
unfair
[]
105807
unfair
[]
100740
unfair
[]
101427
unfair
[]
106314
unfair
[]
101697
unfair
[]
101976
unfair
[]
102933
unfair
[]
100982
unfair
[]
103025
unfair
[]
100568
unfair
[]
105074
unfair
[]
106199
unfair
[]
105617
unfair
[]
104035
unfair
[]
106428
unfair
[]
102051
unfair
[]
104294
unfair
[]
104988
unfair
[]
104132
unfair
[]
103813
unfair
[]
100422
unfair
[]
104776
unfair
[]
106853
unfair
[]
104327
unfair
[]
101440
unfair
[]
102799
unfair
[]
100444
unfair
[]
101780
unfair
[]
