106401
fair
[]
106314
fair
[]
101427
unfair
[]
100740
unfair
[{'attribute': '101427_Owns Car', 'value': '0.041'}, {'attribute': '101427_Highest education level', 'value': '0.054'}]
100740
fair
[{'attribute': '101427_Owns Car', 'value': '0.041'}, {'attribute': '101427_Highest education level', 'value': '0.054'}]
106647
fair
[{'attribute': '101427_Owns Car', 'value': '0.041'}, {'attribute': '101427_Highest education level', 'value': '0.054'}]
106488
unfair
[{'attribute': '101427_Owns Car', 'value': '0.041'}, {'attribute': '101427_Highest education level', 'value': '0.054'}]
101367
unfair
[{'attribute': '101427_Owns Car', 'value': '0.041'}, {'attribute': '101427_Highest education level', 'value': '0.054'}]
100241
unfair
[{'attribute': '101427_Owns Car', 'value': '0.041'}, {'attribute': '101427_Highest education level', 'value': '0.054'}]
106802
fair
[{'attribute': '101427_Owns Car', 'value': '0.041'}, {'attribute': '101427_Highest education level', 'value': '0.054'}]
105035
unfair
[{'attribute': '101427_Owns Car', 'value': '0.041'}, {'attribute': '101427_Highest education level', 'value': '0.054'}]
105035
fair
[{'attribute': '101427_Owns Car', 'value': '0.041'}, {'attribute': '101427_Highest education level', 'value': '0.054'}]
100772
fair
[{'attribute': '101427_Owns Car', 'value': '0.041'}, {'attribute': '101427_Highest education level', 'value': '0.054'}]
100013
fair
[{'attribute': '101427_Owns Car', 'value': '0.041'}, {'attribute': '101427_Highest education level', 'value': '0.054'}]
100013
unfair
[{'attribute': '101427_Owns Car', 'value': '0.041'}, {'attribute': '101427_Highest education level', 'value': '0.054'}]
100028
fair
[{'attribute': '101427_Owns Car', 'value': '0.041'}, {'attribute': '101427_Highest education level', 'value': '0.054'}]
100028
unfair
[{'attribute': '101427_Owns Car', 'value': '0.041'}, {'attribute': '101427_Highest education level', 'value': '0.054'}]
100067
fair
[{'attribute': '101427_Owns Car', 'value': '0.041'}, {'attribute': '101427_Highest education level', 'value': '0.054'}]
100005
fair
[{'attribute': '101427_Owns Car', 'value': '0.041'}, {'attribute': '101427_Highest education level', 'value': '0.054'}]
100001
fair
[{'attribute': '101427_Owns Car', 'value': '0.041'}, {'attribute': '101427_Highest education level', 'value': '0.054'}]
100042
fair
[{'attribute': '101427_Owns Car', 'value': '0.041'}, {'attribute': '101427_Highest education level', 'value': '0.054'}]
100038
fair
[{'attribute': '101427_Owns Car', 'value': '0.041'}, {'attribute': '101427_Highest education level', 'value': '0.054'}]
100330
unfair
[{'attribute': '101427_Owns Car', 'value': '0.041'}, {'attribute': '101427_Highest education level', 'value': '0.054'}]
100065
fair
[{'attribute': '101427_Owns Car', 'value': '0.041'}, {'attribute': '101427_Highest education level', 'value': '0.054'}]
100057
fair
[{'attribute': '101427_Owns Car', 'value': '0.041'}, {'attribute': '101427_Highest education level', 'value': '0.054'}]
100074
fair
[{'attribute': '101427_Owns Car', 'value': '0.041'}, {'attribute': '101427_Highest education level', 'value': '0.054'}]
100092
fair
[{'attribute': '101427_Owns Car', 'value': '0.041'}, {'attribute': '101427_Highest education level', 'value': '0.054'}]
100066
fair
[{'attribute': '101427_Owns Car', 'value': '0.041'}, {'attribute': '101427_Highest education level', 'value': '0.054'}]
100090
fair
[{'attribute': '101427_Owns Car', 'value': '0.041'}, {'attribute': '101427_Highest education level', 'value': '0.054'}]
100091
unfair
[{'attribute': '101427_Owns Car', 'value': '0.041'}, {'attribute': '101427_Highest education level', 'value': '0.054'}]
100106
fair
[{'attribute': '101427_Owns Car', 'value': '0.041'}, {'attribute': '101427_Highest education level', 'value': '0.054'}]
100028
fair
[{'attribute': '101427_Owns Car', 'value': '0.041'}, {'attribute': '101427_Highest education level', 'value': '0.054'}]
100777
fair
[{'attribute': '101427_Owns Car', 'value': '0.041'}, {'attribute': '101427_Highest education level', 'value': '0.054'}]
100770
fair
[{'attribute': '101427_Owns Car', 'value': '0.041'}, {'attribute': '101427_Highest education level', 'value': '0.054'}]
100791
unfair
[{'attribute': '101427_Owns Car', 'value': '0.041'}, {'attribute': '101427_Highest education level', 'value': '0.054'}]
100792
unfair
[{'attribute': '101427_Owns Car', 'value': '0.041'}, {'attribute': '101427_Highest education level', 'value': '0.054'}]
100797
fair
[{'attribute': '101427_Owns Car', 'value': '0.041'}, {'attribute': '101427_Highest education level', 'value': '0.054'}]
100109
fair
[{'attribute': '101427_Owns Car', 'value': '0.041'}, {'attribute': '101427_Highest education level', 'value': '0.054'}]
100823
unfair
[{'attribute': '101427_Owns Car', 'value': '0.041'}, {'attribute': '101427_Highest education level', 'value': '0.054'}]
100830
fair
[{'attribute': '101427_Owns Car', 'value': '0.041'}, {'attribute': '101427_Highest education level', 'value': '0.054'}]
100765
fair
[{'attribute': '101427_Owns Car', 'value': '0.041'}, {'attribute': '101427_Highest education level', 'value': '0.054'}]
100826
fair
[{'attribute': '101427_Owns Car', 'value': '0.041'}, {'attribute': '101427_Highest education level', 'value': '0.054'}]
100836
unfair
[{'attribute': '101427_Owns Car', 'value': '0.041'}, {'attribute': '101427_Highest education level', 'value': '0.054'}]
100872
fair
[{'attribute': '101427_Owns Car', 'value': '0.041'}, {'attribute': '101427_Highest education level', 'value': '0.054'}]
101365
fair
[{'attribute': '101427_Owns Car', 'value': '0.041'}, {'attribute': '101427_Highest education level', 'value': '0.054'}]
