106647
fair
[]
106217
fair
[]
100005
unfair
[]
100013
unfair
[]
100028
fair
[{'attribute': '100028_Owns Car', 'value': '0.02'}, {'attribute': '100028_Highest education level', 'value': '0.04'}]
101354
fair
[{'attribute': '100028_Owns Car', 'value': '0.02'}, {'attribute': '100028_Highest education level', 'value': '0.04'}]
100038
fair
[{'attribute': '100028_Owns Car', 'value': '0.02'}, {'attribute': '100028_Highest education level', 'value': '0.04'}]
100042
fair
[{'attribute': '100028_Owns Car', 'value': '0.02'}, {'attribute': '100028_Highest education level', 'value': '0.04'}]
100057
unfair
[{'attribute': '100042_Gender', 'value': '0.016'}, {'attribute': '100042_Region & City Rating', 'value': '0.024'}, {'attribute': '100028_Owns Car', 'value': '0.02'}, {'attribute': '100028_Highest education level', 'value': '0.04'}, {'attribute': '100042_Highest education level', 'value': '0.03'}]
100065
fair
[{'attribute': '100042_Region & City Rating', 'value': '0.024'}, {'attribute': '100057_Work address in Registration city', 'value': '0.037'}, {'attribute': '100042_Gender', 'value': '0.016'}, {'attribute': '100028_Owns Car', 'value': '0.02'}, {'attribute': '100028_Highest education level', 'value': '0.04'}, {'attribute': '100042_Highest education level', 'value': '0.03'}]
100066
unfair
[{'attribute': '100042_Region & City Rating', 'value': '0.024'}, {'attribute': '100057_Work address in Registration city', 'value': '0.037'}, {'attribute': '100042_Gender', 'value': '0.016'}, {'attribute': '100028_Owns Car', 'value': '0.02'}, {'attribute': '100028_Highest education level', 'value': '0.04'}, {'attribute': '100042_Highest education level', 'value': '0.03'}]
100067
fair
[{'attribute': '100042_Region & City Rating', 'value': '0.024'}, {'attribute': '100057_Work address in Registration city', 'value': '0.037'}, {'attribute': '100042_Gender', 'value': '0.016'}, {'attribute': '100028_Owns Car', 'value': '0.02'}, {'attribute': '100028_Highest education level', 'value': '0.04'}, {'attribute': '100042_Highest education level', 'value': '0.03'}]
100074
fair
[{'attribute': '100042_Region & City Rating', 'value': '0.024'}, {'attribute': '100057_Work address in Registration city', 'value': '0.037'}, {'attribute': '100042_Gender', 'value': '0.016'}, {'attribute': '100028_Owns Car', 'value': '0.02'}, {'attribute': '100028_Highest education level', 'value': '0.04'}, {'attribute': '100042_Highest education level', 'value': '0.03'}]
100090
unfair
[{'attribute': '100042_Region & City Rating', 'value': '0.024'}, {'attribute': '100057_Work address in Registration city', 'value': '0.037'}, {'attribute': '100042_Gender', 'value': '0.016'}, {'attribute': '100028_Owns Car', 'value': '0.02'}, {'attribute': '100028_Highest education level', 'value': '0.04'}, {'attribute': '100042_Highest education level', 'value': '0.03'}]
100091
fair
[{'attribute': '100042_Region & City Rating', 'value': '0.024'}, {'attribute': '100057_Work address in Registration city', 'value': '0.037'}, {'attribute': '100090_Owns Car', 'value': '0.008'}, {'attribute': '100042_Gender', 'value': '0.016'}, {'attribute': '100028_Owns Car', 'value': '0.02'}, {'attribute': '100028_Highest education level', 'value': '0.04'}, {'attribute': '100042_Highest education level', 'value': '0.03'}]
100092
fair
[{'attribute': '100091_Highest education level', 'value': '0.035'}, {'attribute': '100042_Region & City Rating', 'value': '0.024'}, {'attribute': '100057_Work address in Registration city', 'value': '0.037'}, {'attribute': '100091_Region & City Rating', 'value': '0.03'}, {'attribute': '100090_Owns Car', 'value': '0.008'}, {'attribute': '100042_Gender', 'value': '0.016'}, {'attribute': '100028_Owns Car', 'value': '0.02'}, {'attribute': '100028_Highest education level', 'value': '0.04'}, {'attribute': '100042_Highest education level', 'value': '0.03'}]
100106
fair
[{'attribute': '100091_Highest education level', 'value': '0.035'}, {'attribute': '100092_Owns Property', 'value': '0.037'}, {'attribute': '100042_Region & City Rating', 'value': '0.024'}, {'attribute': '100057_Work address in Registration city', 'value': '0.037'}, {'attribute': '100091_Region & City Rating', 'value': '0.03'}, {'attribute': '100090_Owns Car', 'value': '0.008'}, {'attribute': '100042_Gender', 'value': '0.016'}, {'attribute': '100092_Contact address located in Registration region', 'value': '0.021'}, {'attribute': '100028_Owns Car', 'value': '0.02'}, {'attribute': '100028_Highest education level', 'value': '0.04'}, {'attribute': '100042_Highest education level', 'value': '0.03'}, {'attribute': '100092_Number of Credit Bureau enquiries 1 month before application', 'value': '0.033'}]
100107
unfair
[{'attribute': '100106_Highest education level', 'value': '0.058'}, {'attribute': '100057_Work address in Registration city', 'value': '0.037'}, {'attribute': '100091_Region & City Rating', 'value': '0.03'}, {'attribute': '100042_Gender', 'value': '0.016'}, {'attribute': '100106_Owns Car', 'value': '0.039'}, {'attribute': '100042_Highest education level', 'value': '0.03'}, {'attribute': '100092_Number of Credit Bureau enquiries 1 month before application', 'value': '0.033'}, {'attribute': '100091_Highest education level', 'value': '0.035'}, {'attribute': '100092_Owns Property', 'value': '0.037'}, {'attribute': '100042_Region & City Rating', 'value': '0.024'}, {'attribute': '100106_Contact city in Registration city', 'value': '0.064'}, {'attribute': '100090_Owns Car', 'value': '0.008'}, {'attribute': '100092_Contact address located in Registration region', 'value': '0.021'}, {'attribute': '100028_Owns Car', 'value': '0.02'}, {'attribute': '100028_Highest education level', 'value': '0.04'}]
100117
fair
[{'attribute': '100106_Highest education level', 'value': '0.058'}, {'attribute': '100057_Work address in Registration city', 'value': '0.037'}, {'attribute': '100091_Region & City Rating', 'value': '0.03'}, {'attribute': '100042_Gender', 'value': '0.016'}, {'attribute': '100106_Owns Car', 'value': '0.039'}, {'attribute': '100042_Highest education level', 'value': '0.03'}, {'attribute': '100092_Number of Credit Bureau enquiries 1 month before application', 'value': '0.033'}, {'attribute': '100091_Highest education level', 'value': '0.035'}, {'attribute': '100092_Owns Property', 'value': '0.037'}, {'attribute': '100042_Region & City Rating', 'value': '0.024'}, {'attribute': '100106_Contact city in Registration city', 'value': '0.064'}, {'attribute': '100090_Owns Car', 'value': '0.008'}, {'attribute': '100092_Contact address located in Registration region', 'value': '0.021'}, {'attribute': '100028_Owns Car', 'value': '0.02'}, {'attribute': '100028_Highest education level', 'value': '0.04'}]
100109
unfair
[{'attribute': '100106_Highest education level', 'value': '0.058'}, {'attribute': '100057_Work address in Registration city', 'value': '0.037'}, {'attribute': '100091_Region & City Rating', 'value': '0.03'}, {'attribute': '100042_Gender', 'value': '0.016'}, {'attribute': '100106_Owns Car', 'value': '0.039'}, {'attribute': '100042_Highest education level', 'value': '0.03'}, {'attribute': '100092_Number of Credit Bureau enquiries 1 month before application', 'value': '0.033'}, {'attribute': '100091_Highest education level', 'value': '0.035'}, {'attribute': '100092_Owns Property', 'value': '0.037'}, {'attribute': '100042_Region & City Rating', 'value': '0.024'}, {'attribute': '100106_Contact city in Registration city', 'value': '0.064'}, {'attribute': '100090_Owns Car', 'value': '0.008'}, {'attribute': '100092_Contact address located in Registration region', 'value': '0.021'}, {'attribute': '100028_Owns Car', 'value': '0.02'}, {'attribute': '100028_Highest education level', 'value': '0.04'}]
100128
fair
[{'attribute': '100106_Highest education level', 'value': '0.058'}, {'attribute': '100057_Work address in Registration city', 'value': '0.037'}, {'attribute': '100091_Region & City Rating', 'value': '0.03'}, {'attribute': '100042_Gender', 'value': '0.016'}, {'attribute': '100106_Owns Car', 'value': '0.039'}, {'attribute': '100042_Highest education level', 'value': '0.03'}, {'attribute': '100092_Number of Credit Bureau enquiries 1 month before application', 'value': '0.033'}, {'attribute': '100091_Highest education level', 'value': '0.035'}, {'attribute': '100092_Owns Property', 'value': '0.037'}, {'attribute': '100042_Region & City Rating', 'value': '0.024'}, {'attribute': '100106_Contact city in Registration city', 'value': '0.064'}, {'attribute': '100090_Owns Car', 'value': '0.008'}, {'attribute': '100092_Contact address located in Registration region', 'value': '0.021'}, {'attribute': '100028_Owns Car', 'value': '0.02'}, {'attribute': '100028_Highest education level', 'value': '0.04'}]
100141
unfair
[{'attribute': '100106_Highest education level', 'value': '0.058'}, {'attribute': '100057_Work address in Registration city', 'value': '0.037'}, {'attribute': '100091_Region & City Rating', 'value': '0.03'}, {'attribute': '100042_Gender', 'value': '0.016'}, {'attribute': '100106_Owns Car', 'value': '0.039'}, {'attribute': '100042_Highest education level', 'value': '0.03'}, {'attribute': '100092_Number of Credit Bureau enquiries 1 month before application', 'value': '0.033'}, {'attribute': '100091_Highest education level', 'value': '0.035'}, {'attribute': '100092_Owns Property', 'value': '0.037'}, {'attribute': '100042_Region & City Rating', 'value': '0.024'}, {'attribute': '100106_Contact city in Registration city', 'value': '0.064'}, {'attribute': '100090_Owns Car', 'value': '0.008'}, {'attribute': '100092_Contact address located in Registration region', 'value': '0.021'}, {'attribute': '100028_Owns Car', 'value': '0.02'}, {'attribute': '100028_Highest education level', 'value': '0.04'}]
100150
unfair
[{'attribute': '100106_Highest education level', 'value': '0.058'}, {'attribute': '100057_Work address in Registration city', 'value': '0.037'}, {'attribute': '100091_Region & City Rating', 'value': '0.03'}, {'attribute': '100042_Gender', 'value': '0.016'}, {'attribute': '100106_Owns Car', 'value': '0.039'}, {'attribute': '100042_Highest education level', 'value': '0.03'}, {'attribute': '100092_Number of Credit Bureau enquiries 1 month before application', 'value': '0.033'}, {'attribute': '100091_Highest education level', 'value': '0.035'}, {'attribute': '100092_Owns Property', 'value': '0.037'}, {'attribute': '100042_Region & City Rating', 'value': '0.024'}, {'attribute': '100106_Contact city in Registration city', 'value': '0.064'}, {'attribute': '100090_Owns Car', 'value': '0.008'}, {'attribute': '100092_Contact address located in Registration region', 'value': '0.021'}, {'attribute': '100028_Owns Car', 'value': '0.02'}, {'attribute': '100028_Highest education level', 'value': '0.04'}]
100169
unfair
[{'attribute': '100106_Highest education level', 'value': '0.058'}, {'attribute': '100057_Work address in Registration city', 'value': '0.037'}, {'attribute': '100091_Region & City Rating', 'value': '0.03'}, {'attribute': '100042_Gender', 'value': '0.016'}, {'attribute': '100106_Owns Car', 'value': '0.039'}, {'attribute': '100042_Highest education level', 'value': '0.03'}, {'attribute': '100092_Number of Credit Bureau enquiries 1 month before application', 'value': '0.033'}, {'attribute': '100091_Highest education level', 'value': '0.035'}, {'attribute': '100092_Owns Property', 'value': '0.037'}, {'attribute': '100042_Region & City Rating', 'value': '0.024'}, {'attribute': '100106_Contact city in Registration city', 'value': '0.064'}, {'attribute': '100090_Owns Car', 'value': '0.008'}, {'attribute': '100092_Contact address located in Registration region', 'value': '0.021'}, {'attribute': '100028_Owns Car', 'value': '0.02'}, {'attribute': '100028_Highest education level', 'value': '0.04'}]
100170
fair
[{'attribute': '100106_Highest education level', 'value': '0.058'}, {'attribute': '100057_Work address in Registration city', 'value': '0.037'}, {'attribute': '100091_Region & City Rating', 'value': '0.03'}, {'attribute': '100042_Gender', 'value': '0.016'}, {'attribute': '100106_Owns Car', 'value': '0.039'}, {'attribute': '100042_Highest education level', 'value': '0.03'}, {'attribute': '100092_Number of Credit Bureau enquiries 1 month before application', 'value': '0.033'}, {'attribute': '100091_Highest education level', 'value': '0.035'}, {'attribute': '100092_Owns Property', 'value': '0.037'}, {'attribute': '100042_Region & City Rating', 'value': '0.024'}, {'attribute': '100106_Contact city in Registration city', 'value': '0.064'}, {'attribute': '100090_Owns Car', 'value': '0.008'}, {'attribute': '100092_Contact address located in Registration region', 'value': '0.021'}, {'attribute': '100028_Owns Car', 'value': '0.02'}, {'attribute': '100028_Highest education level', 'value': '0.04'}]
100168
unfair
[{'attribute': '100106_Highest education level', 'value': '0.058'}, {'attribute': '100057_Work address in Registration city', 'value': '0.037'}, {'attribute': '100091_Region & City Rating', 'value': '0.03'}, {'attribute': '100042_Gender', 'value': '0.016'}, {'attribute': '100106_Owns Car', 'value': '0.039'}, {'attribute': '100042_Highest education level', 'value': '0.03'}, {'attribute': '100092_Number of Credit Bureau enquiries 1 month before application', 'value': '0.033'}, {'attribute': '100091_Highest education level', 'value': '0.035'}, {'attribute': '100092_Owns Property', 'value': '0.037'}, {'attribute': '100042_Region & City Rating', 'value': '0.024'}, {'attribute': '100106_Contact city in Registration city', 'value': '0.064'}, {'attribute': '100090_Owns Car', 'value': '0.008'}, {'attribute': '100092_Contact address located in Registration region', 'value': '0.021'}, {'attribute': '100028_Owns Car', 'value': '0.02'}, {'attribute': '100028_Highest education level', 'value': '0.04'}]
100171
unfair
[{'attribute': '100106_Highest education level', 'value': '0.058'}, {'attribute': '100057_Work address in Registration city', 'value': '0.037'}, {'attribute': '100091_Region & City Rating', 'value': '0.03'}, {'attribute': '100042_Gender', 'value': '0.016'}, {'attribute': '100106_Owns Car', 'value': '0.039'}, {'attribute': '100042_Highest education level', 'value': '0.03'}, {'attribute': '100092_Number of Credit Bureau enquiries 1 month before application', 'value': '0.033'}, {'attribute': '100091_Highest education level', 'value': '0.035'}, {'attribute': '100092_Owns Property', 'value': '0.037'}, {'attribute': '100042_Region & City Rating', 'value': '0.024'}, {'attribute': '100106_Contact city in Registration city', 'value': '0.064'}, {'attribute': '100090_Owns Car', 'value': '0.008'}, {'attribute': '100092_Contact address located in Registration region', 'value': '0.021'}, {'attribute': '100028_Owns Car', 'value': '0.02'}, {'attribute': '100028_Highest education level', 'value': '0.04'}]
100001
unfair
[{'attribute': '100106_Highest education level', 'value': '0.058'}, {'attribute': '100057_Work address in Registration city', 'value': '0.037'}, {'attribute': '100091_Region & City Rating', 'value': '0.03'}, {'attribute': '100042_Gender', 'value': '0.016'}, {'attribute': '100106_Owns Car', 'value': '0.039'}, {'attribute': '100042_Highest education level', 'value': '0.03'}, {'attribute': '100092_Number of Credit Bureau enquiries 1 month before application', 'value': '0.033'}, {'attribute': '100091_Highest education level', 'value': '0.035'}, {'attribute': '100092_Owns Property', 'value': '0.037'}, {'attribute': '100042_Region & City Rating', 'value': '0.024'}, {'attribute': '100106_Contact city in Registration city', 'value': '0.064'}, {'attribute': '100090_Owns Car', 'value': '0.008'}, {'attribute': '100092_Contact address located in Registration region', 'value': '0.021'}, {'attribute': '100028_Owns Car', 'value': '0.02'}, {'attribute': '100028_Highest education level', 'value': '0.04'}]
100172
fair
[{'attribute': '100106_Highest education level', 'value': '0.058'}, {'attribute': '100057_Work address in Registration city', 'value': '0.037'}, {'attribute': '100091_Region & City Rating', 'value': '0.03'}, {'attribute': '100042_Gender', 'value': '0.016'}, {'attribute': '100106_Owns Car', 'value': '0.039'}, {'attribute': '100042_Highest education level', 'value': '0.03'}, {'attribute': '100092_Number of Credit Bureau enquiries 1 month before application', 'value': '0.033'}, {'attribute': '100091_Highest education level', 'value': '0.035'}, {'attribute': '100092_Owns Property', 'value': '0.037'}, {'attribute': '100042_Region & City Rating', 'value': '0.024'}, {'attribute': '100106_Contact city in Registration city', 'value': '0.064'}, {'attribute': '100090_Owns Car', 'value': '0.008'}, {'attribute': '100092_Contact address located in Registration region', 'value': '0.021'}, {'attribute': '100028_Owns Car', 'value': '0.02'}, {'attribute': '100028_Highest education level', 'value': '0.04'}]
100184
unfair
[{'attribute': '100106_Highest education level', 'value': '0.058'}, {'attribute': '100057_Work address in Registration city', 'value': '0.037'}, {'attribute': '100091_Region & City Rating', 'value': '0.03'}, {'attribute': '100042_Gender', 'value': '0.016'}, {'attribute': '100106_Owns Car', 'value': '0.039'}, {'attribute': '100042_Highest education level', 'value': '0.03'}, {'attribute': '100092_Number of Credit Bureau enquiries 1 month before application', 'value': '0.033'}, {'attribute': '100091_Highest education level', 'value': '0.035'}, {'attribute': '100092_Owns Property', 'value': '0.037'}, {'attribute': '100042_Region & City Rating', 'value': '0.024'}, {'attribute': '100106_Contact city in Registration city', 'value': '0.064'}, {'attribute': '100090_Owns Car', 'value': '0.008'}, {'attribute': '100092_Contact address located in Registration region', 'value': '0.021'}, {'attribute': '100028_Owns Car', 'value': '0.02'}, {'attribute': '100028_Highest education level', 'value': '0.04'}, {'attribute': '100172_Owns Car', 'value': '0.051'}]
100187
unfair
[{'attribute': '100106_Highest education level', 'value': '0.058'}, {'attribute': '100057_Work address in Registration city', 'value': '0.037'}, {'attribute': '100091_Region & City Rating', 'value': '0.03'}, {'attribute': '100042_Gender', 'value': '0.016'}, {'attribute': '100106_Owns Car', 'value': '0.039'}, {'attribute': '100042_Highest education level', 'value': '0.03'}, {'attribute': '100092_Number of Credit Bureau enquiries 1 month before application', 'value': '0.033'}, {'attribute': '100091_Highest education level', 'value': '0.035'}, {'attribute': '100092_Owns Property', 'value': '0.037'}, {'attribute': '100042_Region & City Rating', 'value': '0.024'}, {'attribute': '100106_Contact city in Registration city', 'value': '0.064'}, {'attribute': '100090_Owns Car', 'value': '0.008'}, {'attribute': '100092_Contact address located in Registration region', 'value': '0.021'}, {'attribute': '100028_Owns Car', 'value': '0.02'}, {'attribute': '100028_Highest education level', 'value': '0.04'}, {'attribute': '100172_Owns Car', 'value': '0.051'}]
100212
fair
[{'attribute': '100106_Highest education level', 'value': '0.058'}, {'attribute': '100057_Work address in Registration city', 'value': '0.037'}, {'attribute': '100091_Region & City Rating', 'value': '0.03'}, {'attribute': '100042_Gender', 'value': '0.016'}, {'attribute': '100106_Owns Car', 'value': '0.039'}, {'attribute': '100042_Highest education level', 'value': '0.03'}, {'attribute': '100092_Number of Credit Bureau enquiries 1 month before application', 'value': '0.033'}, {'attribute': '100091_Highest education level', 'value': '0.035'}, {'attribute': '100092_Owns Property', 'value': '0.037'}, {'attribute': '100042_Region & City Rating', 'value': '0.024'}, {'attribute': '100106_Contact city in Registration city', 'value': '0.064'}, {'attribute': '100090_Owns Car', 'value': '0.008'}, {'attribute': '100092_Contact address located in Registration region', 'value': '0.021'}, {'attribute': '100028_Owns Car', 'value': '0.02'}, {'attribute': '100028_Highest education level', 'value': '0.04'}, {'attribute': '100172_Owns Car', 'value': '0.051'}]
100222
unfair
[{'attribute': '100106_Highest education level', 'value': '0.058'}, {'attribute': '100057_Work address in Registration city', 'value': '0.037'}, {'attribute': '100091_Region & City Rating', 'value': '0.03'}, {'attribute': '100042_Gender', 'value': '0.016'}, {'attribute': '100106_Owns Car', 'value': '0.039'}, {'attribute': '100042_Highest education level', 'value': '0.03'}, {'attribute': '100092_Number of Credit Bureau enquiries 1 month before application', 'value': '0.033'}, {'attribute': '100091_Highest education level', 'value': '0.035'}, {'attribute': '100092_Owns Property', 'value': '0.037'}, {'attribute': '100042_Region & City Rating', 'value': '0.024'}, {'attribute': '100106_Contact city in Registration city', 'value': '0.064'}, {'attribute': '100090_Owns Car', 'value': '0.008'}, {'attribute': '100092_Contact address located in Registration region', 'value': '0.021'}, {'attribute': '100028_Owns Car', 'value': '0.02'}, {'attribute': '100028_Highest education level', 'value': '0.04'}, {'attribute': '100172_Owns Car', 'value': '0.051'}]
100223
unfair
[{'attribute': '100106_Highest education level', 'value': '0.058'}, {'attribute': '100057_Work address in Registration city', 'value': '0.037'}, {'attribute': '100091_Region & City Rating', 'value': '0.03'}, {'attribute': '100042_Gender', 'value': '0.016'}, {'attribute': '100106_Owns Car', 'value': '0.039'}, {'attribute': '100042_Highest education level', 'value': '0.03'}, {'attribute': '100092_Number of Credit Bureau enquiries 1 month before application', 'value': '0.033'}, {'attribute': '100091_Highest education level', 'value': '0.035'}, {'attribute': '100092_Owns Property', 'value': '0.037'}, {'attribute': '100042_Region & City Rating', 'value': '0.024'}, {'attribute': '100106_Contact city in Registration city', 'value': '0.064'}, {'attribute': '100090_Owns Car', 'value': '0.008'}, {'attribute': '100092_Contact address located in Registration region', 'value': '0.021'}, {'attribute': '100028_Owns Car', 'value': '0.02'}, {'attribute': '100028_Highest education level', 'value': '0.04'}, {'attribute': '100172_Owns Car', 'value': '0.051'}]
100232
fair
[{'attribute': '100106_Highest education level', 'value': '0.058'}, {'attribute': '100057_Work address in Registration city', 'value': '0.037'}, {'attribute': '100091_Region & City Rating', 'value': '0.03'}, {'attribute': '100042_Gender', 'value': '0.016'}, {'attribute': '100106_Owns Car', 'value': '0.039'}, {'attribute': '100042_Highest education level', 'value': '0.03'}, {'attribute': '100092_Number of Credit Bureau enquiries 1 month before application', 'value': '0.033'}, {'attribute': '100091_Highest education level', 'value': '0.035'}, {'attribute': '100092_Owns Property', 'value': '0.037'}, {'attribute': '100042_Region & City Rating', 'value': '0.024'}, {'attribute': '100106_Contact city in Registration city', 'value': '0.064'}, {'attribute': '100090_Owns Car', 'value': '0.008'}, {'attribute': '100092_Contact address located in Registration region', 'value': '0.021'}, {'attribute': '100028_Owns Car', 'value': '0.02'}, {'attribute': '100028_Highest education level', 'value': '0.04'}, {'attribute': '100172_Owns Car', 'value': '0.051'}]
100241
unfair
[{'attribute': '100106_Highest education level', 'value': '0.058'}, {'attribute': '100057_Work address in Registration city', 'value': '0.037'}, {'attribute': '100091_Region & City Rating', 'value': '0.03'}, {'attribute': '100042_Gender', 'value': '0.016'}, {'attribute': '100106_Owns Car', 'value': '0.039'}, {'attribute': '100042_Highest education level', 'value': '0.03'}, {'attribute': '100092_Number of Credit Bureau enquiries 1 month before application', 'value': '0.033'}, {'attribute': '100091_Highest education level', 'value': '0.035'}, {'attribute': '100092_Owns Property', 'value': '0.037'}, {'attribute': '100042_Region & City Rating', 'value': '0.024'}, {'attribute': '100106_Contact city in Registration city', 'value': '0.064'}, {'attribute': '100090_Owns Car', 'value': '0.008'}, {'attribute': '100092_Contact address located in Registration region', 'value': '0.021'}, {'attribute': '100028_Owns Car', 'value': '0.02'}, {'attribute': '100028_Highest education level', 'value': '0.04'}, {'attribute': '100172_Owns Car', 'value': '0.051'}]
100245
unfair
[{'attribute': '100106_Highest education level', 'value': '0.058'}, {'attribute': '100057_Work address in Registration city', 'value': '0.037'}, {'attribute': '100091_Region & City Rating', 'value': '0.03'}, {'attribute': '100042_Gender', 'value': '0.016'}, {'attribute': '100106_Owns Car', 'value': '0.039'}, {'attribute': '100042_Highest education level', 'value': '0.03'}, {'attribute': '100092_Number of Credit Bureau enquiries 1 month before application', 'value': '0.033'}, {'attribute': '100091_Highest education level', 'value': '0.035'}, {'attribute': '100092_Owns Property', 'value': '0.037'}, {'attribute': '100042_Region & City Rating', 'value': '0.024'}, {'attribute': '100106_Contact city in Registration city', 'value': '0.064'}, {'attribute': '100090_Owns Car', 'value': '0.008'}, {'attribute': '100092_Contact address located in Registration region', 'value': '0.021'}, {'attribute': '100028_Owns Car', 'value': '0.02'}, {'attribute': '100028_Highest education level', 'value': '0.04'}, {'attribute': '100172_Owns Car', 'value': '0.051'}]
100253
unfair
[{'attribute': '100106_Highest education level', 'value': '0.058'}, {'attribute': '100057_Work address in Registration city', 'value': '0.037'}, {'attribute': '100091_Region & City Rating', 'value': '0.03'}, {'attribute': '100042_Gender', 'value': '0.016'}, {'attribute': '100106_Owns Car', 'value': '0.039'}, {'attribute': '100042_Highest education level', 'value': '0.03'}, {'attribute': '100092_Number of Credit Bureau enquiries 1 month before application', 'value': '0.033'}, {'attribute': '100091_Highest education level', 'value': '0.035'}, {'attribute': '100092_Owns Property', 'value': '0.037'}, {'attribute': '100042_Region & City Rating', 'value': '0.024'}, {'attribute': '100106_Contact city in Registration city', 'value': '0.064'}, {'attribute': '100090_Owns Car', 'value': '0.008'}, {'attribute': '100092_Contact address located in Registration region', 'value': '0.021'}, {'attribute': '100028_Owns Car', 'value': '0.02'}, {'attribute': '100028_Highest education level', 'value': '0.04'}, {'attribute': '100172_Owns Car', 'value': '0.051'}]
100256
unfair
[{'attribute': '100106_Highest education level', 'value': '0.058'}, {'attribute': '100057_Work address in Registration city', 'value': '0.037'}, {'attribute': '100091_Region & City Rating', 'value': '0.03'}, {'attribute': '100042_Gender', 'value': '0.016'}, {'attribute': '100106_Owns Car', 'value': '0.039'}, {'attribute': '100042_Highest education level', 'value': '0.03'}, {'attribute': '100092_Number of Credit Bureau enquiries 1 month before application', 'value': '0.033'}, {'attribute': '100091_Highest education level', 'value': '0.035'}, {'attribute': '100092_Owns Property', 'value': '0.037'}, {'attribute': '100042_Region & City Rating', 'value': '0.024'}, {'attribute': '100106_Contact city in Registration city', 'value': '0.064'}, {'attribute': '100090_Owns Car', 'value': '0.008'}, {'attribute': '100092_Contact address located in Registration region', 'value': '0.021'}, {'attribute': '100028_Owns Car', 'value': '0.02'}, {'attribute': '100028_Highest education level', 'value': '0.04'}, {'attribute': '100172_Owns Car', 'value': '0.051'}]
100271
unfair
[{'attribute': '100106_Highest education level', 'value': '0.058'}, {'attribute': '100057_Work address in Registration city', 'value': '0.037'}, {'attribute': '100091_Region & City Rating', 'value': '0.03'}, {'attribute': '100042_Gender', 'value': '0.016'}, {'attribute': '100106_Owns Car', 'value': '0.039'}, {'attribute': '100042_Highest education level', 'value': '0.03'}, {'attribute': '100092_Number of Credit Bureau enquiries 1 month before application', 'value': '0.033'}, {'attribute': '100091_Highest education level', 'value': '0.035'}, {'attribute': '100092_Owns Property', 'value': '0.037'}, {'attribute': '100042_Region & City Rating', 'value': '0.024'}, {'attribute': '100106_Contact city in Registration city', 'value': '0.064'}, {'attribute': '100090_Owns Car', 'value': '0.008'}, {'attribute': '100092_Contact address located in Registration region', 'value': '0.021'}, {'attribute': '100028_Owns Car', 'value': '0.02'}, {'attribute': '100028_Highest education level', 'value': '0.04'}, {'attribute': '100172_Owns Car', 'value': '0.051'}]
100278
unfair
[{'attribute': '100106_Highest education level', 'value': '0.058'}, {'attribute': '100057_Work address in Registration city', 'value': '0.037'}, {'attribute': '100091_Region & City Rating', 'value': '0.03'}, {'attribute': '100042_Gender', 'value': '0.016'}, {'attribute': '100106_Owns Car', 'value': '0.039'}, {'attribute': '100042_Highest education level', 'value': '0.03'}, {'attribute': '100092_Number of Credit Bureau enquiries 1 month before application', 'value': '0.033'}, {'attribute': '100091_Highest education level', 'value': '0.035'}, {'attribute': '100092_Owns Property', 'value': '0.037'}, {'attribute': '100042_Region & City Rating', 'value': '0.024'}, {'attribute': '100106_Contact city in Registration city', 'value': '0.064'}, {'attribute': '100090_Owns Car', 'value': '0.008'}, {'attribute': '100092_Contact address located in Registration region', 'value': '0.021'}, {'attribute': '100028_Owns Car', 'value': '0.02'}, {'attribute': '100028_Highest education level', 'value': '0.04'}, {'attribute': '100172_Owns Car', 'value': '0.051'}]
100280
unfair
[{'attribute': '100106_Highest education level', 'value': '0.058'}, {'attribute': '100057_Work address in Registration city', 'value': '0.037'}, {'attribute': '100091_Region & City Rating', 'value': '0.03'}, {'attribute': '100042_Gender', 'value': '0.016'}, {'attribute': '100106_Owns Car', 'value': '0.039'}, {'attribute': '100042_Highest education level', 'value': '0.03'}, {'attribute': '100092_Number of Credit Bureau enquiries 1 month before application', 'value': '0.033'}, {'attribute': '100091_Highest education level', 'value': '0.035'}, {'attribute': '100092_Owns Property', 'value': '0.037'}, {'attribute': '100042_Region & City Rating', 'value': '0.024'}, {'attribute': '100106_Contact city in Registration city', 'value': '0.064'}, {'attribute': '100090_Owns Car', 'value': '0.008'}, {'attribute': '100092_Contact address located in Registration region', 'value': '0.021'}, {'attribute': '100028_Owns Car', 'value': '0.02'}, {'attribute': '100028_Highest education level', 'value': '0.04'}, {'attribute': '100172_Owns Car', 'value': '0.051'}]
100306
unfair
[{'attribute': '100106_Highest education level', 'value': '0.058'}, {'attribute': '100057_Work address in Registration city', 'value': '0.037'}, {'attribute': '100091_Region & City Rating', 'value': '0.03'}, {'attribute': '100042_Gender', 'value': '0.016'}, {'attribute': '100106_Owns Car', 'value': '0.039'}, {'attribute': '100042_Highest education level', 'value': '0.03'}, {'attribute': '100092_Number of Credit Bureau enquiries 1 month before application', 'value': '0.033'}, {'attribute': '100091_Highest education level', 'value': '0.035'}, {'attribute': '100092_Owns Property', 'value': '0.037'}, {'attribute': '100042_Region & City Rating', 'value': '0.024'}, {'attribute': '100106_Contact city in Registration city', 'value': '0.064'}, {'attribute': '100090_Owns Car', 'value': '0.008'}, {'attribute': '100092_Contact address located in Registration region', 'value': '0.021'}, {'attribute': '100028_Owns Car', 'value': '0.02'}, {'attribute': '100028_Highest education level', 'value': '0.04'}, {'attribute': '100172_Owns Car', 'value': '0.051'}]
100311
unfair
[{'attribute': '100106_Highest education level', 'value': '0.058'}, {'attribute': '100057_Work address in Registration city', 'value': '0.037'}, {'attribute': '100091_Region & City Rating', 'value': '0.03'}, {'attribute': '100042_Gender', 'value': '0.016'}, {'attribute': '100106_Owns Car', 'value': '0.039'}, {'attribute': '100042_Highest education level', 'value': '0.03'}, {'attribute': '100092_Number of Credit Bureau enquiries 1 month before application', 'value': '0.033'}, {'attribute': '100091_Highest education level', 'value': '0.035'}, {'attribute': '100092_Owns Property', 'value': '0.037'}, {'attribute': '100042_Region & City Rating', 'value': '0.024'}, {'attribute': '100106_Contact city in Registration city', 'value': '0.064'}, {'attribute': '100090_Owns Car', 'value': '0.008'}, {'attribute': '100092_Contact address located in Registration region', 'value': '0.021'}, {'attribute': '100028_Owns Car', 'value': '0.02'}, {'attribute': '100028_Highest education level', 'value': '0.04'}, {'attribute': '100172_Owns Car', 'value': '0.051'}]
100312
unfair
[{'attribute': '100106_Highest education level', 'value': '0.058'}, {'attribute': '100057_Work address in Registration city', 'value': '0.037'}, {'attribute': '100091_Region & City Rating', 'value': '0.03'}, {'attribute': '100042_Gender', 'value': '0.016'}, {'attribute': '100106_Owns Car', 'value': '0.039'}, {'attribute': '100042_Highest education level', 'value': '0.03'}, {'attribute': '100092_Number of Credit Bureau enquiries 1 month before application', 'value': '0.033'}, {'attribute': '100091_Highest education level', 'value': '0.035'}, {'attribute': '100092_Owns Property', 'value': '0.037'}, {'attribute': '100042_Region & City Rating', 'value': '0.024'}, {'attribute': '100106_Contact city in Registration city', 'value': '0.064'}, {'attribute': '100090_Owns Car', 'value': '0.008'}, {'attribute': '100092_Contact address located in Registration region', 'value': '0.021'}, {'attribute': '100028_Owns Car', 'value': '0.02'}, {'attribute': '100028_Highest education level', 'value': '0.04'}, {'attribute': '100172_Owns Car', 'value': '0.051'}]
100330
unfair
[{'attribute': '100106_Highest education level', 'value': '0.058'}, {'attribute': '100057_Work address in Registration city', 'value': '0.037'}, {'attribute': '100091_Region & City Rating', 'value': '0.03'}, {'attribute': '100042_Gender', 'value': '0.016'}, {'attribute': '100106_Owns Car', 'value': '0.039'}, {'attribute': '100042_Highest education level', 'value': '0.03'}, {'attribute': '100092_Number of Credit Bureau enquiries 1 month before application', 'value': '0.033'}, {'attribute': '100091_Highest education level', 'value': '0.035'}, {'attribute': '100092_Owns Property', 'value': '0.037'}, {'attribute': '100042_Region & City Rating', 'value': '0.024'}, {'attribute': '100106_Contact city in Registration city', 'value': '0.064'}, {'attribute': '100090_Owns Car', 'value': '0.008'}, {'attribute': '100092_Contact address located in Registration region', 'value': '0.021'}, {'attribute': '100028_Owns Car', 'value': '0.02'}, {'attribute': '100028_Highest education level', 'value': '0.04'}, {'attribute': '100172_Owns Car', 'value': '0.051'}]
100331
unfair
[{'attribute': '100106_Highest education level', 'value': '0.058'}, {'attribute': '100057_Work address in Registration city', 'value': '0.037'}, {'attribute': '100091_Region & City Rating', 'value': '0.03'}, {'attribute': '100042_Gender', 'value': '0.016'}, {'attribute': '100106_Owns Car', 'value': '0.039'}, {'attribute': '100042_Highest education level', 'value': '0.03'}, {'attribute': '100092_Number of Credit Bureau enquiries 1 month before application', 'value': '0.033'}, {'attribute': '100091_Highest education level', 'value': '0.035'}, {'attribute': '100092_Owns Property', 'value': '0.037'}, {'attribute': '100042_Region & City Rating', 'value': '0.024'}, {'attribute': '100106_Contact city in Registration city', 'value': '0.064'}, {'attribute': '100090_Owns Car', 'value': '0.008'}, {'attribute': '100092_Contact address located in Registration region', 'value': '0.021'}, {'attribute': '100028_Owns Car', 'value': '0.02'}, {'attribute': '100028_Highest education level', 'value': '0.04'}, {'attribute': '100172_Owns Car', 'value': '0.051'}]
100352
unfair
[{'attribute': '100106_Highest education level', 'value': '0.058'}, {'attribute': '100057_Work address in Registration city', 'value': '0.037'}, {'attribute': '100091_Region & City Rating', 'value': '0.03'}, {'attribute': '100042_Gender', 'value': '0.016'}, {'attribute': '100106_Owns Car', 'value': '0.039'}, {'attribute': '100042_Highest education level', 'value': '0.03'}, {'attribute': '100092_Number of Credit Bureau enquiries 1 month before application', 'value': '0.033'}, {'attribute': '100091_Highest education level', 'value': '0.035'}, {'attribute': '100092_Owns Property', 'value': '0.037'}, {'attribute': '100042_Region & City Rating', 'value': '0.024'}, {'attribute': '100106_Contact city in Registration city', 'value': '0.064'}, {'attribute': '100090_Owns Car', 'value': '0.008'}, {'attribute': '100092_Contact address located in Registration region', 'value': '0.021'}, {'attribute': '100028_Owns Car', 'value': '0.02'}, {'attribute': '100028_Highest education level', 'value': '0.04'}, {'attribute': '100172_Owns Car', 'value': '0.051'}]
100358
unfair
[{'attribute': '100106_Highest education level', 'value': '0.058'}, {'attribute': '100057_Work address in Registration city', 'value': '0.037'}, {'attribute': '100091_Region & City Rating', 'value': '0.03'}, {'attribute': '100042_Gender', 'value': '0.016'}, {'attribute': '100106_Owns Car', 'value': '0.039'}, {'attribute': '100042_Highest education level', 'value': '0.03'}, {'attribute': '100092_Number of Credit Bureau enquiries 1 month before application', 'value': '0.033'}, {'attribute': '100091_Highest education level', 'value': '0.035'}, {'attribute': '100092_Owns Property', 'value': '0.037'}, {'attribute': '100042_Region & City Rating', 'value': '0.024'}, {'attribute': '100106_Contact city in Registration city', 'value': '0.064'}, {'attribute': '100090_Owns Car', 'value': '0.008'}, {'attribute': '100092_Contact address located in Registration region', 'value': '0.021'}, {'attribute': '100028_Owns Car', 'value': '0.02'}, {'attribute': '100028_Highest education level', 'value': '0.04'}, {'attribute': '100172_Owns Car', 'value': '0.051'}]
100762
unfair
[{'attribute': '100106_Highest education level', 'value': '0.058'}, {'attribute': '100057_Work address in Registration city', 'value': '0.037'}, {'attribute': '100091_Region & City Rating', 'value': '0.03'}, {'attribute': '100042_Gender', 'value': '0.016'}, {'attribute': '100106_Owns Car', 'value': '0.039'}, {'attribute': '100042_Highest education level', 'value': '0.03'}, {'attribute': '100092_Number of Credit Bureau enquiries 1 month before application', 'value': '0.033'}, {'attribute': '100091_Highest education level', 'value': '0.035'}, {'attribute': '100092_Owns Property', 'value': '0.037'}, {'attribute': '100042_Region & City Rating', 'value': '0.024'}, {'attribute': '100106_Contact city in Registration city', 'value': '0.064'}, {'attribute': '100090_Owns Car', 'value': '0.008'}, {'attribute': '100092_Contact address located in Registration region', 'value': '0.021'}, {'attribute': '100028_Owns Car', 'value': '0.02'}, {'attribute': '100028_Highest education level', 'value': '0.04'}, {'attribute': '100172_Owns Car', 'value': '0.051'}]
100760
unfair
[{'attribute': '100106_Highest education level', 'value': '0.058'}, {'attribute': '100057_Work address in Registration city', 'value': '0.037'}, {'attribute': '100091_Region & City Rating', 'value': '0.03'}, {'attribute': '100042_Gender', 'value': '0.016'}, {'attribute': '100106_Owns Car', 'value': '0.039'}, {'attribute': '100042_Highest education level', 'value': '0.03'}, {'attribute': '100092_Number of Credit Bureau enquiries 1 month before application', 'value': '0.033'}, {'attribute': '100091_Highest education level', 'value': '0.035'}, {'attribute': '100092_Owns Property', 'value': '0.037'}, {'attribute': '100042_Region & City Rating', 'value': '0.024'}, {'attribute': '100106_Contact city in Registration city', 'value': '0.064'}, {'attribute': '100090_Owns Car', 'value': '0.008'}, {'attribute': '100092_Contact address located in Registration region', 'value': '0.021'}, {'attribute': '100028_Owns Car', 'value': '0.02'}, {'attribute': '100028_Highest education level', 'value': '0.04'}, {'attribute': '100172_Owns Car', 'value': '0.051'}]
100367
fair
[{'attribute': '100106_Highest education level', 'value': '0.058'}, {'attribute': '100057_Work address in Registration city', 'value': '0.037'}, {'attribute': '100091_Region & City Rating', 'value': '0.03'}, {'attribute': '100042_Gender', 'value': '0.016'}, {'attribute': '100106_Owns Car', 'value': '0.039'}, {'attribute': '100042_Highest education level', 'value': '0.03'}, {'attribute': '100092_Number of Credit Bureau enquiries 1 month before application', 'value': '0.033'}, {'attribute': '100091_Highest education level', 'value': '0.035'}, {'attribute': '100092_Owns Property', 'value': '0.037'}, {'attribute': '100042_Region & City Rating', 'value': '0.024'}, {'attribute': '100106_Contact city in Registration city', 'value': '0.064'}, {'attribute': '100090_Owns Car', 'value': '0.008'}, {'attribute': '100092_Contact address located in Registration region', 'value': '0.021'}, {'attribute': '100028_Owns Car', 'value': '0.02'}, {'attribute': '100028_Highest education level', 'value': '0.04'}, {'attribute': '100172_Owns Car', 'value': '0.051'}]
100382
fair
[{'attribute': '100106_Highest education level', 'value': '0.058'}, {'attribute': '100057_Work address in Registration city', 'value': '0.037'}, {'attribute': '100091_Region & City Rating', 'value': '0.03'}, {'attribute': '100042_Gender', 'value': '0.016'}, {'attribute': '100106_Owns Car', 'value': '0.039'}, {'attribute': '100042_Highest education level', 'value': '0.03'}, {'attribute': '100092_Number of Credit Bureau enquiries 1 month before application', 'value': '0.033'}, {'attribute': '100091_Highest education level', 'value': '0.035'}, {'attribute': '100092_Owns Property', 'value': '0.037'}, {'attribute': '100042_Region & City Rating', 'value': '0.024'}, {'attribute': '100106_Contact city in Registration city', 'value': '0.064'}, {'attribute': '100090_Owns Car', 'value': '0.008'}, {'attribute': '100092_Contact address located in Registration region', 'value': '0.021'}, {'attribute': '100028_Owns Car', 'value': '0.02'}, {'attribute': '100028_Highest education level', 'value': '0.04'}, {'attribute': '100172_Owns Car', 'value': '0.051'}]
100384
fair
[{'attribute': '100106_Highest education level', 'value': '0.058'}, {'attribute': '100057_Work address in Registration city', 'value': '0.037'}, {'attribute': '100091_Region & City Rating', 'value': '0.03'}, {'attribute': '100042_Gender', 'value': '0.016'}, {'attribute': '100106_Owns Car', 'value': '0.039'}, {'attribute': '100042_Highest education level', 'value': '0.03'}, {'attribute': '100092_Number of Credit Bureau enquiries 1 month before application', 'value': '0.033'}, {'attribute': '100091_Highest education level', 'value': '0.035'}, {'attribute': '100092_Owns Property', 'value': '0.037'}, {'attribute': '100042_Region & City Rating', 'value': '0.024'}, {'attribute': '100106_Contact city in Registration city', 'value': '0.064'}, {'attribute': '100090_Owns Car', 'value': '0.008'}, {'attribute': '100092_Contact address located in Registration region', 'value': '0.021'}, {'attribute': '100028_Owns Car', 'value': '0.02'}, {'attribute': '100028_Highest education level', 'value': '0.04'}, {'attribute': '100172_Owns Car', 'value': '0.051'}]
100385
fair
[{'attribute': '100106_Highest education level', 'value': '0.058'}, {'attribute': '100057_Work address in Registration city', 'value': '0.037'}, {'attribute': '100091_Region & City Rating', 'value': '0.03'}, {'attribute': '100042_Gender', 'value': '0.016'}, {'attribute': '100106_Owns Car', 'value': '0.039'}, {'attribute': '100042_Highest education level', 'value': '0.03'}, {'attribute': '100092_Number of Credit Bureau enquiries 1 month before application', 'value': '0.033'}, {'attribute': '100091_Highest education level', 'value': '0.035'}, {'attribute': '100092_Owns Property', 'value': '0.037'}, {'attribute': '100042_Region & City Rating', 'value': '0.024'}, {'attribute': '100106_Contact city in Registration city', 'value': '0.064'}, {'attribute': '100090_Owns Car', 'value': '0.008'}, {'attribute': '100092_Contact address located in Registration region', 'value': '0.021'}, {'attribute': '100028_Owns Car', 'value': '0.02'}, {'attribute': '100028_Highest education level', 'value': '0.04'}, {'attribute': '100172_Owns Car', 'value': '0.051'}]
100386
unfair
[{'attribute': '100106_Highest education level', 'value': '0.058'}, {'attribute': '100057_Work address in Registration city', 'value': '0.037'}, {'attribute': '100091_Region & City Rating', 'value': '0.03'}, {'attribute': '100042_Gender', 'value': '0.016'}, {'attribute': '100106_Owns Car', 'value': '0.039'}, {'attribute': '100042_Highest education level', 'value': '0.03'}, {'attribute': '100092_Number of Credit Bureau enquiries 1 month before application', 'value': '0.033'}, {'attribute': '100091_Highest education level', 'value': '0.035'}, {'attribute': '100092_Owns Property', 'value': '0.037'}, {'attribute': '100042_Region & City Rating', 'value': '0.024'}, {'attribute': '100106_Contact city in Registration city', 'value': '0.064'}, {'attribute': '100090_Owns Car', 'value': '0.008'}, {'attribute': '100092_Contact address located in Registration region', 'value': '0.021'}, {'attribute': '100028_Owns Car', 'value': '0.02'}, {'attribute': '100028_Highest education level', 'value': '0.04'}, {'attribute': '100172_Owns Car', 'value': '0.051'}]
100399
fair
[{'attribute': '100106_Highest education level', 'value': '0.058'}, {'attribute': '100057_Work address in Registration city', 'value': '0.037'}, {'attribute': '100091_Region & City Rating', 'value': '0.03'}, {'attribute': '100042_Gender', 'value': '0.016'}, {'attribute': '100106_Owns Car', 'value': '0.039'}, {'attribute': '100042_Highest education level', 'value': '0.03'}, {'attribute': '100092_Number of Credit Bureau enquiries 1 month before application', 'value': '0.033'}, {'attribute': '100091_Highest education level', 'value': '0.035'}, {'attribute': '100092_Owns Property', 'value': '0.037'}, {'attribute': '100042_Region & City Rating', 'value': '0.024'}, {'attribute': '100106_Contact city in Registration city', 'value': '0.064'}, {'attribute': '100090_Owns Car', 'value': '0.008'}, {'attribute': '100092_Contact address located in Registration region', 'value': '0.021'}, {'attribute': '100028_Owns Car', 'value': '0.02'}, {'attribute': '100028_Highest education level', 'value': '0.04'}, {'attribute': '100172_Owns Car', 'value': '0.051'}]
100404
fair
[{'attribute': '100106_Highest education level', 'value': '0.058'}, {'attribute': '100057_Work address in Registration city', 'value': '0.037'}, {'attribute': '100091_Region & City Rating', 'value': '0.03'}, {'attribute': '100042_Gender', 'value': '0.016'}, {'attribute': '100106_Owns Car', 'value': '0.039'}, {'attribute': '100042_Highest education level', 'value': '0.03'}, {'attribute': '100092_Number of Credit Bureau enquiries 1 month before application', 'value': '0.033'}, {'attribute': '100091_Highest education level', 'value': '0.035'}, {'attribute': '100092_Owns Property', 'value': '0.037'}, {'attribute': '100042_Region & City Rating', 'value': '0.024'}, {'attribute': '100106_Contact city in Registration city', 'value': '0.064'}, {'attribute': '100090_Owns Car', 'value': '0.008'}, {'attribute': '100092_Contact address located in Registration region', 'value': '0.021'}, {'attribute': '100028_Owns Car', 'value': '0.02'}, {'attribute': '100028_Highest education level', 'value': '0.04'}, {'attribute': '100172_Owns Car', 'value': '0.051'}]
100416
fair
[{'attribute': '100106_Highest education level', 'value': '0.058'}, {'attribute': '100057_Work address in Registration city', 'value': '0.037'}, {'attribute': '100091_Region & City Rating', 'value': '0.03'}, {'attribute': '100042_Gender', 'value': '0.016'}, {'attribute': '100106_Owns Car', 'value': '0.039'}, {'attribute': '100042_Highest education level', 'value': '0.03'}, {'attribute': '100092_Number of Credit Bureau enquiries 1 month before application', 'value': '0.033'}, {'attribute': '100091_Highest education level', 'value': '0.035'}, {'attribute': '100092_Owns Property', 'value': '0.037'}, {'attribute': '100042_Region & City Rating', 'value': '0.024'}, {'attribute': '100106_Contact city in Registration city', 'value': '0.064'}, {'attribute': '100090_Owns Car', 'value': '0.008'}, {'attribute': '100092_Contact address located in Registration region', 'value': '0.021'}, {'attribute': '100028_Owns Car', 'value': '0.02'}, {'attribute': '100028_Highest education level', 'value': '0.04'}, {'attribute': '100172_Owns Car', 'value': '0.051'}]
100422
fair
[{'attribute': '100106_Highest education level', 'value': '0.058'}, {'attribute': '100057_Work address in Registration city', 'value': '0.037'}, {'attribute': '100091_Region & City Rating', 'value': '0.03'}, {'attribute': '100042_Gender', 'value': '0.016'}, {'attribute': '100106_Owns Car', 'value': '0.039'}, {'attribute': '100042_Highest education level', 'value': '0.03'}, {'attribute': '100092_Number of Credit Bureau enquiries 1 month before application', 'value': '0.033'}, {'attribute': '100091_Highest education level', 'value': '0.035'}, {'attribute': '100092_Owns Property', 'value': '0.037'}, {'attribute': '100042_Region & City Rating', 'value': '0.024'}, {'attribute': '100106_Contact city in Registration city', 'value': '0.064'}, {'attribute': '100090_Owns Car', 'value': '0.008'}, {'attribute': '100092_Contact address located in Registration region', 'value': '0.021'}, {'attribute': '100028_Owns Car', 'value': '0.02'}, {'attribute': '100028_Highest education level', 'value': '0.04'}, {'attribute': '100172_Owns Car', 'value': '0.051'}]
100426
fair
[{'attribute': '100106_Highest education level', 'value': '0.058'}, {'attribute': '100057_Work address in Registration city', 'value': '0.037'}, {'attribute': '100091_Region & City Rating', 'value': '0.03'}, {'attribute': '100042_Gender', 'value': '0.016'}, {'attribute': '100106_Owns Car', 'value': '0.039'}, {'attribute': '100042_Highest education level', 'value': '0.03'}, {'attribute': '100092_Number of Credit Bureau enquiries 1 month before application', 'value': '0.033'}, {'attribute': '100091_Highest education level', 'value': '0.035'}, {'attribute': '100092_Owns Property', 'value': '0.037'}, {'attribute': '100042_Region & City Rating', 'value': '0.024'}, {'attribute': '100106_Contact city in Registration city', 'value': '0.064'}, {'attribute': '100090_Owns Car', 'value': '0.008'}, {'attribute': '100092_Contact address located in Registration region', 'value': '0.021'}, {'attribute': '100028_Owns Car', 'value': '0.02'}, {'attribute': '100028_Highest education level', 'value': '0.04'}, {'attribute': '100172_Owns Car', 'value': '0.051'}]
100438
fair
[{'attribute': '100106_Highest education level', 'value': '0.058'}, {'attribute': '100057_Work address in Registration city', 'value': '0.037'}, {'attribute': '100091_Region & City Rating', 'value': '0.03'}, {'attribute': '100042_Gender', 'value': '0.016'}, {'attribute': '100106_Owns Car', 'value': '0.039'}, {'attribute': '100042_Highest education level', 'value': '0.03'}, {'attribute': '100092_Number of Credit Bureau enquiries 1 month before application', 'value': '0.033'}, {'attribute': '100091_Highest education level', 'value': '0.035'}, {'attribute': '100092_Owns Property', 'value': '0.037'}, {'attribute': '100042_Region & City Rating', 'value': '0.024'}, {'attribute': '100106_Contact city in Registration city', 'value': '0.064'}, {'attribute': '100090_Owns Car', 'value': '0.008'}, {'attribute': '100092_Contact address located in Registration region', 'value': '0.021'}, {'attribute': '100028_Owns Car', 'value': '0.02'}, {'attribute': '100028_Highest education level', 'value': '0.04'}, {'attribute': '100172_Owns Car', 'value': '0.051'}]
100444
fair
[{'attribute': '100106_Highest education level', 'value': '0.058'}, {'attribute': '100057_Work address in Registration city', 'value': '0.037'}, {'attribute': '100091_Region & City Rating', 'value': '0.03'}, {'attribute': '100042_Gender', 'value': '0.016'}, {'attribute': '100106_Owns Car', 'value': '0.039'}, {'attribute': '100042_Highest education level', 'value': '0.03'}, {'attribute': '100092_Number of Credit Bureau enquiries 1 month before application', 'value': '0.033'}, {'attribute': '100091_Highest education level', 'value': '0.035'}, {'attribute': '100092_Owns Property', 'value': '0.037'}, {'attribute': '100042_Region & City Rating', 'value': '0.024'}, {'attribute': '100106_Contact city in Registration city', 'value': '0.064'}, {'attribute': '100090_Owns Car', 'value': '0.008'}, {'attribute': '100092_Contact address located in Registration region', 'value': '0.021'}, {'attribute': '100028_Owns Car', 'value': '0.02'}, {'attribute': '100028_Highest education level', 'value': '0.04'}, {'attribute': '100172_Owns Car', 'value': '0.051'}]
100445
fair
[{'attribute': '100106_Highest education level', 'value': '0.058'}, {'attribute': '100057_Work address in Registration city', 'value': '0.037'}, {'attribute': '100091_Region & City Rating', 'value': '0.03'}, {'attribute': '100042_Gender', 'value': '0.016'}, {'attribute': '100106_Owns Car', 'value': '0.039'}, {'attribute': '100042_Highest education level', 'value': '0.03'}, {'attribute': '100092_Number of Credit Bureau enquiries 1 month before application', 'value': '0.033'}, {'attribute': '100091_Highest education level', 'value': '0.035'}, {'attribute': '100092_Owns Property', 'value': '0.037'}, {'attribute': '100042_Region & City Rating', 'value': '0.024'}, {'attribute': '100106_Contact city in Registration city', 'value': '0.064'}, {'attribute': '100090_Owns Car', 'value': '0.008'}, {'attribute': '100092_Contact address located in Registration region', 'value': '0.021'}, {'attribute': '100028_Owns Car', 'value': '0.02'}, {'attribute': '100028_Highest education level', 'value': '0.04'}, {'attribute': '100172_Owns Car', 'value': '0.051'}]
100446
unfair
[{'attribute': '100106_Highest education level', 'value': '0.058'}, {'attribute': '100057_Work address in Registration city', 'value': '0.037'}, {'attribute': '100091_Region & City Rating', 'value': '0.03'}, {'attribute': '100042_Gender', 'value': '0.016'}, {'attribute': '100106_Owns Car', 'value': '0.039'}, {'attribute': '100042_Highest education level', 'value': '0.03'}, {'attribute': '100092_Number of Credit Bureau enquiries 1 month before application', 'value': '0.033'}, {'attribute': '100091_Highest education level', 'value': '0.035'}, {'attribute': '100092_Owns Property', 'value': '0.037'}, {'attribute': '100042_Region & City Rating', 'value': '0.024'}, {'attribute': '100106_Contact city in Registration city', 'value': '0.064'}, {'attribute': '100090_Owns Car', 'value': '0.008'}, {'attribute': '100092_Contact address located in Registration region', 'value': '0.021'}, {'attribute': '100028_Owns Car', 'value': '0.02'}, {'attribute': '100028_Highest education level', 'value': '0.04'}, {'attribute': '100172_Owns Car', 'value': '0.051'}]
100447
unfair
[{'attribute': '100106_Highest education level', 'value': '0.058'}, {'attribute': '100057_Work address in Registration city', 'value': '0.037'}, {'attribute': '100091_Region & City Rating', 'value': '0.03'}, {'attribute': '100042_Gender', 'value': '0.016'}, {'attribute': '100106_Owns Car', 'value': '0.039'}, {'attribute': '100042_Highest education level', 'value': '0.03'}, {'attribute': '100092_Number of Credit Bureau enquiries 1 month before application', 'value': '0.033'}, {'attribute': '100091_Highest education level', 'value': '0.035'}, {'attribute': '100092_Owns Property', 'value': '0.037'}, {'attribute': '100042_Region & City Rating', 'value': '0.024'}, {'attribute': '100106_Contact city in Registration city', 'value': '0.064'}, {'attribute': '100090_Owns Car', 'value': '0.008'}, {'attribute': '100092_Contact address located in Registration region', 'value': '0.021'}, {'attribute': '100028_Owns Car', 'value': '0.02'}, {'attribute': '100028_Highest education level', 'value': '0.04'}, {'attribute': '100172_Owns Car', 'value': '0.051'}]
100450
unfair
[{'attribute': '100106_Highest education level', 'value': '0.058'}, {'attribute': '100057_Work address in Registration city', 'value': '0.037'}, {'attribute': '100091_Region & City Rating', 'value': '0.03'}, {'attribute': '100042_Gender', 'value': '0.016'}, {'attribute': '100106_Owns Car', 'value': '0.039'}, {'attribute': '100042_Highest education level', 'value': '0.03'}, {'attribute': '100092_Number of Credit Bureau enquiries 1 month before application', 'value': '0.033'}, {'attribute': '100091_Highest education level', 'value': '0.035'}, {'attribute': '100092_Owns Property', 'value': '0.037'}, {'attribute': '100042_Region & City Rating', 'value': '0.024'}, {'attribute': '100106_Contact city in Registration city', 'value': '0.064'}, {'attribute': '100090_Owns Car', 'value': '0.008'}, {'attribute': '100092_Contact address located in Registration region', 'value': '0.021'}, {'attribute': '100028_Owns Car', 'value': '0.02'}, {'attribute': '100028_Highest education level', 'value': '0.04'}, {'attribute': '100172_Owns Car', 'value': '0.051'}]
100466
unfair
[{'attribute': '100106_Highest education level', 'value': '0.058'}, {'attribute': '100057_Work address in Registration city', 'value': '0.037'}, {'attribute': '100091_Region & City Rating', 'value': '0.03'}, {'attribute': '100042_Gender', 'value': '0.016'}, {'attribute': '100106_Owns Car', 'value': '0.039'}, {'attribute': '100042_Highest education level', 'value': '0.03'}, {'attribute': '100092_Number of Credit Bureau enquiries 1 month before application', 'value': '0.033'}, {'attribute': '100091_Highest education level', 'value': '0.035'}, {'attribute': '100092_Owns Property', 'value': '0.037'}, {'attribute': '100042_Region & City Rating', 'value': '0.024'}, {'attribute': '100106_Contact city in Registration city', 'value': '0.064'}, {'attribute': '100090_Owns Car', 'value': '0.008'}, {'attribute': '100092_Contact address located in Registration region', 'value': '0.021'}, {'attribute': '100028_Owns Car', 'value': '0.02'}, {'attribute': '100028_Highest education level', 'value': '0.04'}, {'attribute': '100172_Owns Car', 'value': '0.051'}]
100551
unfair
[{'attribute': '100106_Highest education level', 'value': '0.058'}, {'attribute': '100057_Work address in Registration city', 'value': '0.037'}, {'attribute': '100091_Region & City Rating', 'value': '0.03'}, {'attribute': '100042_Gender', 'value': '0.016'}, {'attribute': '100106_Owns Car', 'value': '0.039'}, {'attribute': '100042_Highest education level', 'value': '0.03'}, {'attribute': '100092_Number of Credit Bureau enquiries 1 month before application', 'value': '0.033'}, {'attribute': '100091_Highest education level', 'value': '0.035'}, {'attribute': '100092_Owns Property', 'value': '0.037'}, {'attribute': '100042_Region & City Rating', 'value': '0.024'}, {'attribute': '100106_Contact city in Registration city', 'value': '0.064'}, {'attribute': '100090_Owns Car', 'value': '0.008'}, {'attribute': '100092_Contact address located in Registration region', 'value': '0.021'}, {'attribute': '100028_Owns Car', 'value': '0.02'}, {'attribute': '100028_Highest education level', 'value': '0.04'}, {'attribute': '100172_Owns Car', 'value': '0.051'}]
100484
fair
[{'attribute': '100106_Highest education level', 'value': '0.058'}, {'attribute': '100057_Work address in Registration city', 'value': '0.037'}, {'attribute': '100091_Region & City Rating', 'value': '0.03'}, {'attribute': '100042_Gender', 'value': '0.016'}, {'attribute': '100106_Owns Car', 'value': '0.039'}, {'attribute': '100042_Highest education level', 'value': '0.03'}, {'attribute': '100092_Number of Credit Bureau enquiries 1 month before application', 'value': '0.033'}, {'attribute': '100091_Highest education level', 'value': '0.035'}, {'attribute': '100092_Owns Property', 'value': '0.037'}, {'attribute': '100042_Region & City Rating', 'value': '0.024'}, {'attribute': '100106_Contact city in Registration city', 'value': '0.064'}, {'attribute': '100090_Owns Car', 'value': '0.008'}, {'attribute': '100092_Contact address located in Registration region', 'value': '0.021'}, {'attribute': '100028_Owns Car', 'value': '0.02'}, {'attribute': '100028_Highest education level', 'value': '0.04'}, {'attribute': '100172_Owns Car', 'value': '0.051'}]
100512
fair
[{'attribute': '100106_Highest education level', 'value': '0.058'}, {'attribute': '100057_Work address in Registration city', 'value': '0.037'}, {'attribute': '100091_Region & City Rating', 'value': '0.03'}, {'attribute': '100042_Gender', 'value': '0.016'}, {'attribute': '100106_Owns Car', 'value': '0.039'}, {'attribute': '100042_Highest education level', 'value': '0.03'}, {'attribute': '100092_Number of Credit Bureau enquiries 1 month before application', 'value': '0.033'}, {'attribute': '100091_Highest education level', 'value': '0.035'}, {'attribute': '100092_Owns Property', 'value': '0.037'}, {'attribute': '100042_Region & City Rating', 'value': '0.024'}, {'attribute': '100106_Contact city in Registration city', 'value': '0.064'}, {'attribute': '100090_Owns Car', 'value': '0.008'}, {'attribute': '100092_Contact address located in Registration region', 'value': '0.021'}, {'attribute': '100028_Owns Car', 'value': '0.02'}, {'attribute': '100028_Highest education level', 'value': '0.04'}, {'attribute': '100172_Owns Car', 'value': '0.051'}]
100510
fair
[{'attribute': '100106_Highest education level', 'value': '0.058'}, {'attribute': '100057_Work address in Registration city', 'value': '0.037'}, {'attribute': '100091_Region & City Rating', 'value': '0.03'}, {'attribute': '100042_Gender', 'value': '0.016'}, {'attribute': '100106_Owns Car', 'value': '0.039'}, {'attribute': '100042_Highest education level', 'value': '0.03'}, {'attribute': '100092_Number of Credit Bureau enquiries 1 month before application', 'value': '0.033'}, {'attribute': '100091_Highest education level', 'value': '0.035'}, {'attribute': '100092_Owns Property', 'value': '0.037'}, {'attribute': '100042_Region & City Rating', 'value': '0.024'}, {'attribute': '100106_Contact city in Registration city', 'value': '0.064'}, {'attribute': '100090_Owns Car', 'value': '0.008'}, {'attribute': '100092_Contact address located in Registration region', 'value': '0.021'}, {'attribute': '100028_Owns Car', 'value': '0.02'}, {'attribute': '100028_Highest education level', 'value': '0.04'}, {'attribute': '100172_Owns Car', 'value': '0.051'}]
100483
unfair
[{'attribute': '100106_Highest education level', 'value': '0.058'}, {'attribute': '100057_Work address in Registration city', 'value': '0.037'}, {'attribute': '100091_Region & City Rating', 'value': '0.03'}, {'attribute': '100042_Gender', 'value': '0.016'}, {'attribute': '100106_Owns Car', 'value': '0.039'}, {'attribute': '100042_Highest education level', 'value': '0.03'}, {'attribute': '100092_Number of Credit Bureau enquiries 1 month before application', 'value': '0.033'}, {'attribute': '100091_Highest education level', 'value': '0.035'}, {'attribute': '100092_Owns Property', 'value': '0.037'}, {'attribute': '100042_Region & City Rating', 'value': '0.024'}, {'attribute': '100106_Contact city in Registration city', 'value': '0.064'}, {'attribute': '100090_Owns Car', 'value': '0.008'}, {'attribute': '100092_Contact address located in Registration region', 'value': '0.021'}, {'attribute': '100028_Owns Car', 'value': '0.02'}, {'attribute': '100028_Highest education level', 'value': '0.04'}, {'attribute': '100172_Owns Car', 'value': '0.051'}]
100494
unfair
[{'attribute': '100106_Highest education level', 'value': '0.058'}, {'attribute': '100057_Work address in Registration city', 'value': '0.037'}, {'attribute': '100091_Region & City Rating', 'value': '0.03'}, {'attribute': '100042_Gender', 'value': '0.016'}, {'attribute': '100106_Owns Car', 'value': '0.039'}, {'attribute': '100042_Highest education level', 'value': '0.03'}, {'attribute': '100092_Number of Credit Bureau enquiries 1 month before application', 'value': '0.033'}, {'attribute': '100091_Highest education level', 'value': '0.035'}, {'attribute': '100092_Owns Property', 'value': '0.037'}, {'attribute': '100042_Region & City Rating', 'value': '0.024'}, {'attribute': '100106_Contact city in Registration city', 'value': '0.064'}, {'attribute': '100090_Owns Car', 'value': '0.008'}, {'attribute': '100092_Contact address located in Registration region', 'value': '0.021'}, {'attribute': '100028_Owns Car', 'value': '0.02'}, {'attribute': '100028_Highest education level', 'value': '0.04'}, {'attribute': '100172_Owns Car', 'value': '0.051'}]
100517
fair
[{'attribute': '100106_Highest education level', 'value': '0.058'}, {'attribute': '100057_Work address in Registration city', 'value': '0.037'}, {'attribute': '100091_Region & City Rating', 'value': '0.03'}, {'attribute': '100042_Gender', 'value': '0.016'}, {'attribute': '100106_Owns Car', 'value': '0.039'}, {'attribute': '100042_Highest education level', 'value': '0.03'}, {'attribute': '100092_Number of Credit Bureau enquiries 1 month before application', 'value': '0.033'}, {'attribute': '100091_Highest education level', 'value': '0.035'}, {'attribute': '100092_Owns Property', 'value': '0.037'}, {'attribute': '100042_Region & City Rating', 'value': '0.024'}, {'attribute': '100106_Contact city in Registration city', 'value': '0.064'}, {'attribute': '100090_Owns Car', 'value': '0.008'}, {'attribute': '100092_Contact address located in Registration region', 'value': '0.021'}, {'attribute': '100028_Owns Car', 'value': '0.02'}, {'attribute': '100028_Highest education level', 'value': '0.04'}, {'attribute': '100172_Owns Car', 'value': '0.051'}]
100548
fair
[{'attribute': '100106_Highest education level', 'value': '0.058'}, {'attribute': '100057_Work address in Registration city', 'value': '0.037'}, {'attribute': '100091_Region & City Rating', 'value': '0.03'}, {'attribute': '100042_Gender', 'value': '0.016'}, {'attribute': '100106_Owns Car', 'value': '0.039'}, {'attribute': '100042_Highest education level', 'value': '0.03'}, {'attribute': '100092_Number of Credit Bureau enquiries 1 month before application', 'value': '0.033'}, {'attribute': '100091_Highest education level', 'value': '0.035'}, {'attribute': '100092_Owns Property', 'value': '0.037'}, {'attribute': '100042_Region & City Rating', 'value': '0.024'}, {'attribute': '100106_Contact city in Registration city', 'value': '0.064'}, {'attribute': '100090_Owns Car', 'value': '0.008'}, {'attribute': '100092_Contact address located in Registration region', 'value': '0.021'}, {'attribute': '100028_Owns Car', 'value': '0.02'}, {'attribute': '100028_Highest education level', 'value': '0.04'}, {'attribute': '100172_Owns Car', 'value': '0.051'}]
100617
fair
[{'attribute': '100106_Highest education level', 'value': '0.058'}, {'attribute': '100057_Work address in Registration city', 'value': '0.037'}, {'attribute': '100091_Region & City Rating', 'value': '0.03'}, {'attribute': '100042_Gender', 'value': '0.016'}, {'attribute': '100106_Owns Car', 'value': '0.039'}, {'attribute': '100042_Highest education level', 'value': '0.03'}, {'attribute': '100092_Number of Credit Bureau enquiries 1 month before application', 'value': '0.033'}, {'attribute': '100091_Highest education level', 'value': '0.035'}, {'attribute': '100092_Owns Property', 'value': '0.037'}, {'attribute': '100042_Region & City Rating', 'value': '0.024'}, {'attribute': '100106_Contact city in Registration city', 'value': '0.064'}, {'attribute': '100090_Owns Car', 'value': '0.008'}, {'attribute': '100092_Contact address located in Registration region', 'value': '0.021'}, {'attribute': '100028_Owns Car', 'value': '0.02'}, {'attribute': '100028_Highest education level', 'value': '0.04'}, {'attribute': '100172_Owns Car', 'value': '0.051'}]
100592
fair
[{'attribute': '100106_Highest education level', 'value': '0.058'}, {'attribute': '100057_Work address in Registration city', 'value': '0.037'}, {'attribute': '100091_Region & City Rating', 'value': '0.03'}, {'attribute': '100042_Gender', 'value': '0.016'}, {'attribute': '100106_Owns Car', 'value': '0.039'}, {'attribute': '100042_Highest education level', 'value': '0.03'}, {'attribute': '100092_Number of Credit Bureau enquiries 1 month before application', 'value': '0.033'}, {'attribute': '100091_Highest education level', 'value': '0.035'}, {'attribute': '100092_Owns Property', 'value': '0.037'}, {'attribute': '100042_Region & City Rating', 'value': '0.024'}, {'attribute': '100106_Contact city in Registration city', 'value': '0.064'}, {'attribute': '100090_Owns Car', 'value': '0.008'}, {'attribute': '100092_Contact address located in Registration region', 'value': '0.021'}, {'attribute': '100028_Owns Car', 'value': '0.02'}, {'attribute': '100028_Highest education level', 'value': '0.04'}, {'attribute': '100172_Owns Car', 'value': '0.051'}]
100622
fair
[{'attribute': '100106_Highest education level', 'value': '0.058'}, {'attribute': '100057_Work address in Registration city', 'value': '0.037'}, {'attribute': '100091_Region & City Rating', 'value': '0.03'}, {'attribute': '100042_Gender', 'value': '0.016'}, {'attribute': '100106_Owns Car', 'value': '0.039'}, {'attribute': '100042_Highest education level', 'value': '0.03'}, {'attribute': '100092_Number of Credit Bureau enquiries 1 month before application', 'value': '0.033'}, {'attribute': '100091_Highest education level', 'value': '0.035'}, {'attribute': '100092_Owns Property', 'value': '0.037'}, {'attribute': '100042_Region & City Rating', 'value': '0.024'}, {'attribute': '100106_Contact city in Registration city', 'value': '0.064'}, {'attribute': '100090_Owns Car', 'value': '0.008'}, {'attribute': '100092_Contact address located in Registration region', 'value': '0.021'}, {'attribute': '100028_Owns Car', 'value': '0.02'}, {'attribute': '100028_Highest education level', 'value': '0.04'}, {'attribute': '100172_Owns Car', 'value': '0.051'}]
100618
unfair
[{'attribute': '100106_Highest education level', 'value': '0.058'}, {'attribute': '100057_Work address in Registration city', 'value': '0.037'}, {'attribute': '100091_Region & City Rating', 'value': '0.03'}, {'attribute': '100042_Gender', 'value': '0.016'}, {'attribute': '100106_Owns Car', 'value': '0.039'}, {'attribute': '100042_Highest education level', 'value': '0.03'}, {'attribute': '100092_Number of Credit Bureau enquiries 1 month before application', 'value': '0.033'}, {'attribute': '100091_Highest education level', 'value': '0.035'}, {'attribute': '100092_Owns Property', 'value': '0.037'}, {'attribute': '100042_Region & City Rating', 'value': '0.024'}, {'attribute': '100106_Contact city in Registration city', 'value': '0.064'}, {'attribute': '100090_Owns Car', 'value': '0.008'}, {'attribute': '100092_Contact address located in Registration region', 'value': '0.021'}, {'attribute': '100028_Owns Car', 'value': '0.02'}, {'attribute': '100028_Highest education level', 'value': '0.04'}, {'attribute': '100172_Owns Car', 'value': '0.051'}]
100625
fair
[{'attribute': '100106_Highest education level', 'value': '0.058'}, {'attribute': '100057_Work address in Registration city', 'value': '0.037'}, {'attribute': '100091_Region & City Rating', 'value': '0.03'}, {'attribute': '100042_Gender', 'value': '0.016'}, {'attribute': '100106_Owns Car', 'value': '0.039'}, {'attribute': '100042_Highest education level', 'value': '0.03'}, {'attribute': '100092_Number of Credit Bureau enquiries 1 month before application', 'value': '0.033'}, {'attribute': '100091_Highest education level', 'value': '0.035'}, {'attribute': '100092_Owns Property', 'value': '0.037'}, {'attribute': '100042_Region & City Rating', 'value': '0.024'}, {'attribute': '100106_Contact city in Registration city', 'value': '0.064'}, {'attribute': '100090_Owns Car', 'value': '0.008'}, {'attribute': '100092_Contact address located in Registration region', 'value': '0.021'}, {'attribute': '100028_Owns Car', 'value': '0.02'}, {'attribute': '100028_Highest education level', 'value': '0.04'}, {'attribute': '100172_Owns Car', 'value': '0.051'}]
100677
unfair
[{'attribute': '100106_Highest education level', 'value': '0.058'}, {'attribute': '100057_Work address in Registration city', 'value': '0.037'}, {'attribute': '100091_Region & City Rating', 'value': '0.03'}, {'attribute': '100042_Gender', 'value': '0.016'}, {'attribute': '100106_Owns Car', 'value': '0.039'}, {'attribute': '100042_Highest education level', 'value': '0.03'}, {'attribute': '100092_Number of Credit Bureau enquiries 1 month before application', 'value': '0.033'}, {'attribute': '100091_Highest education level', 'value': '0.035'}, {'attribute': '100092_Owns Property', 'value': '0.037'}, {'attribute': '100042_Region & City Rating', 'value': '0.024'}, {'attribute': '100106_Contact city in Registration city', 'value': '0.064'}, {'attribute': '100090_Owns Car', 'value': '0.008'}, {'attribute': '100092_Contact address located in Registration region', 'value': '0.021'}, {'attribute': '100028_Owns Car', 'value': '0.02'}, {'attribute': '100028_Highest education level', 'value': '0.04'}, {'attribute': '100172_Owns Car', 'value': '0.051'}]
100591
fair
[{'attribute': '100106_Highest education level', 'value': '0.058'}, {'attribute': '100057_Work address in Registration city', 'value': '0.037'}, {'attribute': '100091_Region & City Rating', 'value': '0.03'}, {'attribute': '100042_Gender', 'value': '0.016'}, {'attribute': '100106_Owns Car', 'value': '0.039'}, {'attribute': '100042_Highest education level', 'value': '0.03'}, {'attribute': '100092_Number of Credit Bureau enquiries 1 month before application', 'value': '0.033'}, {'attribute': '100091_Highest education level', 'value': '0.035'}, {'attribute': '100092_Owns Property', 'value': '0.037'}, {'attribute': '100042_Region & City Rating', 'value': '0.024'}, {'attribute': '100106_Contact city in Registration city', 'value': '0.064'}, {'attribute': '100090_Owns Car', 'value': '0.008'}, {'attribute': '100092_Contact address located in Registration region', 'value': '0.021'}, {'attribute': '100028_Owns Car', 'value': '0.02'}, {'attribute': '100028_Highest education level', 'value': '0.04'}, {'attribute': '100172_Owns Car', 'value': '0.051'}]
100569
fair
[{'attribute': '100106_Highest education level', 'value': '0.058'}, {'attribute': '100057_Work address in Registration city', 'value': '0.037'}, {'attribute': '100091_Region & City Rating', 'value': '0.03'}, {'attribute': '100042_Gender', 'value': '0.016'}, {'attribute': '100106_Owns Car', 'value': '0.039'}, {'attribute': '100042_Highest education level', 'value': '0.03'}, {'attribute': '100092_Number of Credit Bureau enquiries 1 month before application', 'value': '0.033'}, {'attribute': '100091_Highest education level', 'value': '0.035'}, {'attribute': '100092_Owns Property', 'value': '0.037'}, {'attribute': '100042_Region & City Rating', 'value': '0.024'}, {'attribute': '100106_Contact city in Registration city', 'value': '0.064'}, {'attribute': '100090_Owns Car', 'value': '0.008'}, {'attribute': '100092_Contact address located in Registration region', 'value': '0.021'}, {'attribute': '100028_Owns Car', 'value': '0.02'}, {'attribute': '100028_Highest education level', 'value': '0.04'}, {'attribute': '100172_Owns Car', 'value': '0.051'}]
100602
unfair
[{'attribute': '100106_Highest education level', 'value': '0.058'}, {'attribute': '100057_Work address in Registration city', 'value': '0.037'}, {'attribute': '100091_Region & City Rating', 'value': '0.03'}, {'attribute': '100042_Gender', 'value': '0.016'}, {'attribute': '100106_Owns Car', 'value': '0.039'}, {'attribute': '100042_Highest education level', 'value': '0.03'}, {'attribute': '100092_Number of Credit Bureau enquiries 1 month before application', 'value': '0.033'}, {'attribute': '100091_Highest education level', 'value': '0.035'}, {'attribute': '100092_Owns Property', 'value': '0.037'}, {'attribute': '100042_Region & City Rating', 'value': '0.024'}, {'attribute': '100106_Contact city in Registration city', 'value': '0.064'}, {'attribute': '100090_Owns Car', 'value': '0.008'}, {'attribute': '100092_Contact address located in Registration region', 'value': '0.021'}, {'attribute': '100028_Owns Car', 'value': '0.02'}, {'attribute': '100028_Highest education level', 'value': '0.04'}, {'attribute': '100172_Owns Car', 'value': '0.051'}]
100552
unfair
[{'attribute': '100106_Highest education level', 'value': '0.058'}, {'attribute': '100057_Work address in Registration city', 'value': '0.037'}, {'attribute': '100091_Region & City Rating', 'value': '0.03'}, {'attribute': '100042_Gender', 'value': '0.016'}, {'attribute': '100106_Owns Car', 'value': '0.039'}, {'attribute': '100042_Highest education level', 'value': '0.03'}, {'attribute': '100092_Number of Credit Bureau enquiries 1 month before application', 'value': '0.033'}, {'attribute': '100091_Highest education level', 'value': '0.035'}, {'attribute': '100092_Owns Property', 'value': '0.037'}, {'attribute': '100042_Region & City Rating', 'value': '0.024'}, {'attribute': '100106_Contact city in Registration city', 'value': '0.064'}, {'attribute': '100090_Owns Car', 'value': '0.008'}, {'attribute': '100092_Contact address located in Registration region', 'value': '0.021'}, {'attribute': '100028_Owns Car', 'value': '0.02'}, {'attribute': '100028_Highest education level', 'value': '0.04'}, {'attribute': '100172_Owns Car', 'value': '0.051'}]
100607
fair
[{'attribute': '100106_Highest education level', 'value': '0.058'}, {'attribute': '100057_Work address in Registration city', 'value': '0.037'}, {'attribute': '100091_Region & City Rating', 'value': '0.03'}, {'attribute': '100042_Gender', 'value': '0.016'}, {'attribute': '100106_Owns Car', 'value': '0.039'}, {'attribute': '100042_Highest education level', 'value': '0.03'}, {'attribute': '100092_Number of Credit Bureau enquiries 1 month before application', 'value': '0.033'}, {'attribute': '100091_Highest education level', 'value': '0.035'}, {'attribute': '100092_Owns Property', 'value': '0.037'}, {'attribute': '100042_Region & City Rating', 'value': '0.024'}, {'attribute': '100106_Contact city in Registration city', 'value': '0.064'}, {'attribute': '100090_Owns Car', 'value': '0.008'}, {'attribute': '100092_Contact address located in Registration region', 'value': '0.021'}, {'attribute': '100028_Owns Car', 'value': '0.02'}, {'attribute': '100028_Highest education level', 'value': '0.04'}, {'attribute': '100172_Owns Car', 'value': '0.051'}]
100553
fair
[{'attribute': '100106_Highest education level', 'value': '0.058'}, {'attribute': '100057_Work address in Registration city', 'value': '0.037'}, {'attribute': '100091_Region & City Rating', 'value': '0.03'}, {'attribute': '100042_Gender', 'value': '0.016'}, {'attribute': '100106_Owns Car', 'value': '0.039'}, {'attribute': '100042_Highest education level', 'value': '0.03'}, {'attribute': '100092_Number of Credit Bureau enquiries 1 month before application', 'value': '0.033'}, {'attribute': '100091_Highest education level', 'value': '0.035'}, {'attribute': '100092_Owns Property', 'value': '0.037'}, {'attribute': '100042_Region & City Rating', 'value': '0.024'}, {'attribute': '100106_Contact city in Registration city', 'value': '0.064'}, {'attribute': '100090_Owns Car', 'value': '0.008'}, {'attribute': '100092_Contact address located in Registration region', 'value': '0.021'}, {'attribute': '100028_Owns Car', 'value': '0.02'}, {'attribute': '100028_Highest education level', 'value': '0.04'}, {'attribute': '100172_Owns Car', 'value': '0.051'}]
100752
fair
[{'attribute': '100106_Highest education level', 'value': '0.058'}, {'attribute': '100057_Work address in Registration city', 'value': '0.037'}, {'attribute': '100091_Region & City Rating', 'value': '0.03'}, {'attribute': '100042_Gender', 'value': '0.016'}, {'attribute': '100106_Owns Car', 'value': '0.039'}, {'attribute': '100042_Highest education level', 'value': '0.03'}, {'attribute': '100092_Number of Credit Bureau enquiries 1 month before application', 'value': '0.033'}, {'attribute': '100091_Highest education level', 'value': '0.035'}, {'attribute': '100092_Owns Property', 'value': '0.037'}, {'attribute': '100042_Region & City Rating', 'value': '0.024'}, {'attribute': '100106_Contact city in Registration city', 'value': '0.064'}, {'attribute': '100090_Owns Car', 'value': '0.008'}, {'attribute': '100092_Contact address located in Registration region', 'value': '0.021'}, {'attribute': '100028_Owns Car', 'value': '0.02'}, {'attribute': '100028_Highest education level', 'value': '0.04'}, {'attribute': '100172_Owns Car', 'value': '0.051'}]
100699
unfair
[{'attribute': '100106_Highest education level', 'value': '0.058'}, {'attribute': '100057_Work address in Registration city', 'value': '0.037'}, {'attribute': '100091_Region & City Rating', 'value': '0.03'}, {'attribute': '100042_Gender', 'value': '0.016'}, {'attribute': '100106_Owns Car', 'value': '0.039'}, {'attribute': '100042_Highest education level', 'value': '0.03'}, {'attribute': '100092_Number of Credit Bureau enquiries 1 month before application', 'value': '0.033'}, {'attribute': '100091_Highest education level', 'value': '0.035'}, {'attribute': '100092_Owns Property', 'value': '0.037'}, {'attribute': '100042_Region & City Rating', 'value': '0.024'}, {'attribute': '100106_Contact city in Registration city', 'value': '0.064'}, {'attribute': '100090_Owns Car', 'value': '0.008'}, {'attribute': '100092_Contact address located in Registration region', 'value': '0.021'}, {'attribute': '100028_Owns Car', 'value': '0.02'}, {'attribute': '100028_Highest education level', 'value': '0.04'}, {'attribute': '100172_Owns Car', 'value': '0.051'}]
100561
unfair
[{'attribute': '100106_Highest education level', 'value': '0.058'}, {'attribute': '100057_Work address in Registration city', 'value': '0.037'}, {'attribute': '100091_Region & City Rating', 'value': '0.03'}, {'attribute': '100042_Gender', 'value': '0.016'}, {'attribute': '100106_Owns Car', 'value': '0.039'}, {'attribute': '100042_Highest education level', 'value': '0.03'}, {'attribute': '100092_Number of Credit Bureau enquiries 1 month before application', 'value': '0.033'}, {'attribute': '100091_Highest education level', 'value': '0.035'}, {'attribute': '100092_Owns Property', 'value': '0.037'}, {'attribute': '100042_Region & City Rating', 'value': '0.024'}, {'attribute': '100106_Contact city in Registration city', 'value': '0.064'}, {'attribute': '100090_Owns Car', 'value': '0.008'}, {'attribute': '100092_Contact address located in Registration region', 'value': '0.021'}, {'attribute': '100028_Owns Car', 'value': '0.02'}, {'attribute': '100028_Highest education level', 'value': '0.04'}, {'attribute': '100172_Owns Car', 'value': '0.051'}]
100568
fair
[{'attribute': '100106_Highest education level', 'value': '0.058'}, {'attribute': '100057_Work address in Registration city', 'value': '0.037'}, {'attribute': '100091_Region & City Rating', 'value': '0.03'}, {'attribute': '100042_Gender', 'value': '0.016'}, {'attribute': '100106_Owns Car', 'value': '0.039'}, {'attribute': '100042_Highest education level', 'value': '0.03'}, {'attribute': '100092_Number of Credit Bureau enquiries 1 month before application', 'value': '0.033'}, {'attribute': '100091_Highest education level', 'value': '0.035'}, {'attribute': '100092_Owns Property', 'value': '0.037'}, {'attribute': '100042_Region & City Rating', 'value': '0.024'}, {'attribute': '100106_Contact city in Registration city', 'value': '0.064'}, {'attribute': '100090_Owns Car', 'value': '0.008'}, {'attribute': '100092_Contact address located in Registration region', 'value': '0.021'}, {'attribute': '100028_Owns Car', 'value': '0.02'}, {'attribute': '100028_Highest education level', 'value': '0.04'}, {'attribute': '100172_Owns Car', 'value': '0.051'}]
100613
fair
[{'attribute': '100106_Highest education level', 'value': '0.058'}, {'attribute': '100057_Work address in Registration city', 'value': '0.037'}, {'attribute': '100091_Region & City Rating', 'value': '0.03'}, {'attribute': '100042_Gender', 'value': '0.016'}, {'attribute': '100106_Owns Car', 'value': '0.039'}, {'attribute': '100042_Highest education level', 'value': '0.03'}, {'attribute': '100092_Number of Credit Bureau enquiries 1 month before application', 'value': '0.033'}, {'attribute': '100091_Highest education level', 'value': '0.035'}, {'attribute': '100092_Owns Property', 'value': '0.037'}, {'attribute': '100042_Region & City Rating', 'value': '0.024'}, {'attribute': '100106_Contact city in Registration city', 'value': '0.064'}, {'attribute': '100090_Owns Car', 'value': '0.008'}, {'attribute': '100092_Contact address located in Registration region', 'value': '0.021'}, {'attribute': '100028_Owns Car', 'value': '0.02'}, {'attribute': '100028_Highest education level', 'value': '0.04'}, {'attribute': '100172_Owns Car', 'value': '0.051'}]
100702
fair
[{'attribute': '100106_Highest education level', 'value': '0.058'}, {'attribute': '100057_Work address in Registration city', 'value': '0.037'}, {'attribute': '100091_Region & City Rating', 'value': '0.03'}, {'attribute': '100042_Gender', 'value': '0.016'}, {'attribute': '100106_Owns Car', 'value': '0.039'}, {'attribute': '100042_Highest education level', 'value': '0.03'}, {'attribute': '100092_Number of Credit Bureau enquiries 1 month before application', 'value': '0.033'}, {'attribute': '100091_Highest education level', 'value': '0.035'}, {'attribute': '100092_Owns Property', 'value': '0.037'}, {'attribute': '100042_Region & City Rating', 'value': '0.024'}, {'attribute': '100106_Contact city in Registration city', 'value': '0.064'}, {'attribute': '100090_Owns Car', 'value': '0.008'}, {'attribute': '100092_Contact address located in Registration region', 'value': '0.021'}, {'attribute': '100028_Owns Car', 'value': '0.02'}, {'attribute': '100028_Highest education level', 'value': '0.04'}, {'attribute': '100172_Owns Car', 'value': '0.051'}]
100747
fair
[{'attribute': '100106_Highest education level', 'value': '0.058'}, {'attribute': '100057_Work address in Registration city', 'value': '0.037'}, {'attribute': '100091_Region & City Rating', 'value': '0.03'}, {'attribute': '100042_Gender', 'value': '0.016'}, {'attribute': '100106_Owns Car', 'value': '0.039'}, {'attribute': '100042_Highest education level', 'value': '0.03'}, {'attribute': '100092_Number of Credit Bureau enquiries 1 month before application', 'value': '0.033'}, {'attribute': '100091_Highest education level', 'value': '0.035'}, {'attribute': '100092_Owns Property', 'value': '0.037'}, {'attribute': '100042_Region & City Rating', 'value': '0.024'}, {'attribute': '100106_Contact city in Registration city', 'value': '0.064'}, {'attribute': '100090_Owns Car', 'value': '0.008'}, {'attribute': '100092_Contact address located in Registration region', 'value': '0.021'}, {'attribute': '100028_Owns Car', 'value': '0.02'}, {'attribute': '100028_Highest education level', 'value': '0.04'}, {'attribute': '100172_Owns Car', 'value': '0.051'}]
100711
unfair
[{'attribute': '100106_Highest education level', 'value': '0.058'}, {'attribute': '100057_Work address in Registration city', 'value': '0.037'}, {'attribute': '100091_Region & City Rating', 'value': '0.03'}, {'attribute': '100042_Gender', 'value': '0.016'}, {'attribute': '100106_Owns Car', 'value': '0.039'}, {'attribute': '100042_Highest education level', 'value': '0.03'}, {'attribute': '100092_Number of Credit Bureau enquiries 1 month before application', 'value': '0.033'}, {'attribute': '100091_Highest education level', 'value': '0.035'}, {'attribute': '100092_Owns Property', 'value': '0.037'}, {'attribute': '100042_Region & City Rating', 'value': '0.024'}, {'attribute': '100106_Contact city in Registration city', 'value': '0.064'}, {'attribute': '100090_Owns Car', 'value': '0.008'}, {'attribute': '100092_Contact address located in Registration region', 'value': '0.021'}, {'attribute': '100028_Owns Car', 'value': '0.02'}, {'attribute': '100028_Highest education level', 'value': '0.04'}, {'attribute': '100172_Owns Car', 'value': '0.051'}]
100729
unfair
[{'attribute': '100106_Highest education level', 'value': '0.058'}, {'attribute': '100057_Work address in Registration city', 'value': '0.037'}, {'attribute': '100091_Region & City Rating', 'value': '0.03'}, {'attribute': '100042_Gender', 'value': '0.016'}, {'attribute': '100106_Owns Car', 'value': '0.039'}, {'attribute': '100042_Highest education level', 'value': '0.03'}, {'attribute': '100092_Number of Credit Bureau enquiries 1 month before application', 'value': '0.033'}, {'attribute': '100091_Highest education level', 'value': '0.035'}, {'attribute': '100092_Owns Property', 'value': '0.037'}, {'attribute': '100042_Region & City Rating', 'value': '0.024'}, {'attribute': '100106_Contact city in Registration city', 'value': '0.064'}, {'attribute': '100090_Owns Car', 'value': '0.008'}, {'attribute': '100092_Contact address located in Registration region', 'value': '0.021'}, {'attribute': '100028_Owns Car', 'value': '0.02'}, {'attribute': '100028_Highest education level', 'value': '0.04'}, {'attribute': '100172_Owns Car', 'value': '0.051'}]
100745
unfair
[{'attribute': '100106_Highest education level', 'value': '0.058'}, {'attribute': '100057_Work address in Registration city', 'value': '0.037'}, {'attribute': '100091_Region & City Rating', 'value': '0.03'}, {'attribute': '100042_Gender', 'value': '0.016'}, {'attribute': '100106_Owns Car', 'value': '0.039'}, {'attribute': '100042_Highest education level', 'value': '0.03'}, {'attribute': '100092_Number of Credit Bureau enquiries 1 month before application', 'value': '0.033'}, {'attribute': '100091_Highest education level', 'value': '0.035'}, {'attribute': '100092_Owns Property', 'value': '0.037'}, {'attribute': '100042_Region & City Rating', 'value': '0.024'}, {'attribute': '100106_Contact city in Registration city', 'value': '0.064'}, {'attribute': '100090_Owns Car', 'value': '0.008'}, {'attribute': '100092_Contact address located in Registration region', 'value': '0.021'}, {'attribute': '100028_Owns Car', 'value': '0.02'}, {'attribute': '100028_Highest education level', 'value': '0.04'}, {'attribute': '100172_Owns Car', 'value': '0.051'}]
100740
fair
[{'attribute': '100106_Highest education level', 'value': '0.058'}, {'attribute': '100057_Work address in Registration city', 'value': '0.037'}, {'attribute': '100091_Region & City Rating', 'value': '0.03'}, {'attribute': '100042_Gender', 'value': '0.016'}, {'attribute': '100106_Owns Car', 'value': '0.039'}, {'attribute': '100042_Highest education level', 'value': '0.03'}, {'attribute': '100092_Number of Credit Bureau enquiries 1 month before application', 'value': '0.033'}, {'attribute': '100091_Highest education level', 'value': '0.035'}, {'attribute': '100092_Owns Property', 'value': '0.037'}, {'attribute': '100042_Region & City Rating', 'value': '0.024'}, {'attribute': '100106_Contact city in Registration city', 'value': '0.064'}, {'attribute': '100090_Owns Car', 'value': '0.008'}, {'attribute': '100092_Contact address located in Registration region', 'value': '0.021'}, {'attribute': '100028_Owns Car', 'value': '0.02'}, {'attribute': '100028_Highest education level', 'value': '0.04'}, {'attribute': '100172_Owns Car', 'value': '0.051'}]
100744
unfair
[{'attribute': '100106_Highest education level', 'value': '0.058'}, {'attribute': '100057_Work address in Registration city', 'value': '0.037'}, {'attribute': '100091_Region & City Rating', 'value': '0.03'}, {'attribute': '100042_Gender', 'value': '0.016'}, {'attribute': '100106_Owns Car', 'value': '0.039'}, {'attribute': '100042_Highest education level', 'value': '0.03'}, {'attribute': '100092_Number of Credit Bureau enquiries 1 month before application', 'value': '0.033'}, {'attribute': '100091_Highest education level', 'value': '0.035'}, {'attribute': '100092_Owns Property', 'value': '0.037'}, {'attribute': '100042_Region & City Rating', 'value': '0.024'}, {'attribute': '100106_Contact city in Registration city', 'value': '0.064'}, {'attribute': '100090_Owns Car', 'value': '0.008'}, {'attribute': '100092_Contact address located in Registration region', 'value': '0.021'}, {'attribute': '100028_Owns Car', 'value': '0.02'}, {'attribute': '100028_Highest education level', 'value': '0.04'}, {'attribute': '100172_Owns Car', 'value': '0.051'}]
100751
fair
[{'attribute': '100106_Highest education level', 'value': '0.058'}, {'attribute': '100057_Work address in Registration city', 'value': '0.037'}, {'attribute': '100091_Region & City Rating', 'value': '0.03'}, {'attribute': '100042_Gender', 'value': '0.016'}, {'attribute': '100106_Owns Car', 'value': '0.039'}, {'attribute': '100042_Highest education level', 'value': '0.03'}, {'attribute': '100092_Number of Credit Bureau enquiries 1 month before application', 'value': '0.033'}, {'attribute': '100091_Highest education level', 'value': '0.035'}, {'attribute': '100092_Owns Property', 'value': '0.037'}, {'attribute': '100042_Region & City Rating', 'value': '0.024'}, {'attribute': '100106_Contact city in Registration city', 'value': '0.064'}, {'attribute': '100090_Owns Car', 'value': '0.008'}, {'attribute': '100092_Contact address located in Registration region', 'value': '0.021'}, {'attribute': '100028_Owns Car', 'value': '0.02'}, {'attribute': '100028_Highest education level', 'value': '0.04'}, {'attribute': '100172_Owns Car', 'value': '0.051'}]
100753
fair
[{'attribute': '100106_Highest education level', 'value': '0.058'}, {'attribute': '100057_Work address in Registration city', 'value': '0.037'}, {'attribute': '100091_Region & City Rating', 'value': '0.03'}, {'attribute': '100042_Gender', 'value': '0.016'}, {'attribute': '100106_Owns Car', 'value': '0.039'}, {'attribute': '100042_Highest education level', 'value': '0.03'}, {'attribute': '100092_Number of Credit Bureau enquiries 1 month before application', 'value': '0.033'}, {'attribute': '100091_Highest education level', 'value': '0.035'}, {'attribute': '100092_Owns Property', 'value': '0.037'}, {'attribute': '100042_Region & City Rating', 'value': '0.024'}, {'attribute': '100106_Contact city in Registration city', 'value': '0.064'}, {'attribute': '100090_Owns Car', 'value': '0.008'}, {'attribute': '100092_Contact address located in Registration region', 'value': '0.021'}, {'attribute': '100028_Owns Car', 'value': '0.02'}, {'attribute': '100028_Highest education level', 'value': '0.04'}, {'attribute': '100172_Owns Car', 'value': '0.051'}]
100754
fair
[{'attribute': '100106_Highest education level', 'value': '0.058'}, {'attribute': '100057_Work address in Registration city', 'value': '0.037'}, {'attribute': '100091_Region & City Rating', 'value': '0.03'}, {'attribute': '100042_Gender', 'value': '0.016'}, {'attribute': '100106_Owns Car', 'value': '0.039'}, {'attribute': '100042_Highest education level', 'value': '0.03'}, {'attribute': '100092_Number of Credit Bureau enquiries 1 month before application', 'value': '0.033'}, {'attribute': '100091_Highest education level', 'value': '0.035'}, {'attribute': '100092_Owns Property', 'value': '0.037'}, {'attribute': '100042_Region & City Rating', 'value': '0.024'}, {'attribute': '100106_Contact city in Registration city', 'value': '0.064'}, {'attribute': '100090_Owns Car', 'value': '0.008'}, {'attribute': '100092_Contact address located in Registration region', 'value': '0.021'}, {'attribute': '100028_Owns Car', 'value': '0.02'}, {'attribute': '100028_Highest education level', 'value': '0.04'}, {'attribute': '100172_Owns Car', 'value': '0.051'}]
