106823
fair
[]
106647
unfair
[]
106401
unfair
[]
106861
unfair
[]
100001
fair
[]
100005
unfair
[]
100013
fair
[]
100028
fair
[]
100038
unfair
[]
100042
fair
[]
100057
fair
[]
100065
unfair
[]
100066
fair
[]
100067
fair
[]
100074
unfair
[]
100090
fair
[]
100091
unfair
[]
100092
fair
[]
100106
fair
[]
100107
fair
[]
100109
fair
[]
100762
fair
[]
100760
fair
[]
100754
fair
[]
100753
unfair
[]
100752
fair
[]
100751
fair
[]
100747
fair
[]
100745
unfair
[]
100744
unfair
[]
100740
unfair
[]
100117
fair
[]
100729
fair
[]
100711
fair
[]
100702
unfair
[]
100699
fair
[]
100677
unfair
[]
100625
fair
[]
100622
unfair
[]
100618
fair
[]
100617
fair
[]
100613
fair
[]
100128
fair
[]
100141
fair
[]
100150
fair
[]
100168
fair
[]
100170
unfair
[]
100169
fair
[]
100171
unfair
[]
100172
unfair
[]
100184
fair
[]
100187
fair
[]
100241
unfair
[]
100278
unfair
[]
100212
fair
[]
100222
fair
[]
100223
fair
[]
100232
fair
[]
100245
fair
[]
100253
fair
[]
100256
unfair
[]
100280
fair
[]
100602
fair
[]
100271
fair
[]
100367
fair
[]
100404
unfair
[]
100445
unfair
[]
100399
fair
[]
100382
fair
[]
100330
unfair
[]
100384
unfair
[]
100386
fair
[]
100358
fair
[]
100352
fair
[]
100607
fair
[]
100592
fair
[]
100331
fair
[]
100416
fair
[]
100306
unfair
[]
100311
fair
[]
100385
fair
[]
100312
fair
[]
100422
unfair
[]
100426
fair
[]
100591
fair
[]
100569
fair
[]
100561
fair
[]
100553
fair
[]
100552
fair
[]
100568
unfair
[]
100551
unfair
[]
100548
fair
[]
100494
fair
[]
100446
fair
[]
100510
unfair
[]
