106647
fair
[]
106401
fair
[{'attribute': '106647_Loan annuity', 'value': '0.024'}]
106488
fair
[{'attribute': '106647_Loan annuity', 'value': '0.024'}]
101367
fair
[{'attribute': '106647_Loan annuity', 'value': '0.024'}]
100241
fair
[{'attribute': '106647_Loan annuity', 'value': '0.024'}]
106802
unfair
[{'attribute': '106647_Loan annuity', 'value': '0.024'}]
105035
unfair
[{'attribute': '106647_Loan annuity', 'value': '0.024'}]
104860
fair
[{'attribute': '106647_Loan annuity', 'value': '0.024'}]
103570
unfair
[{'attribute': '106647_Loan annuity', 'value': '0.024'}]
103570
fair
[{'attribute': '106647_Loan annuity', 'value': '0.024'}]
100445
fair
[{'attribute': '106647_Loan annuity', 'value': '0.024'}]
100278
fair
[{'attribute': '106647_Loan annuity', 'value': '0.024'}]
103102
fair
[{'attribute': '106647_Loan annuity', 'value': '0.024'}]
105231
fair
[{'attribute': '106647_Loan annuity', 'value': '0.024'}]
106585
fair
[{'attribute': '106647_Loan annuity', 'value': '0.024'}]
104410
fair
[{'attribute': '106647_Loan annuity', 'value': '0.024'}]
105067
unfair
[{'attribute': '106647_Loan annuity', 'value': '0.024'}]
105802
unfair
[{'attribute': '106647_Loan annuity', 'value': '0.024'}]
105802
fair
[{'attribute': '106647_Loan annuity', 'value': '0.024'}]
104398
fair
[{'attribute': '106647_Loan annuity', 'value': '0.024'}]
101715
fair
[{'attribute': '106647_Loan annuity', 'value': '0.024'}]
102701
fair
[{'attribute': '106647_Loan annuity', 'value': '0.024'}]
104921
fair
[{'attribute': '106647_Loan annuity', 'value': '0.024'}]
106354
fair
[{'attribute': '106647_Loan annuity', 'value': '0.024'}]
105672
fair
[{'attribute': '106647_Loan annuity', 'value': '0.024'}]
104320
unfair
[{'attribute': '106647_Loan annuity', 'value': '0.024'}]
101225
fair
[{'attribute': '101225_Income type', 'value': '0.024'}, {'attribute': '106647_Loan annuity', 'value': '0.024'}]
101225
unfair
[{'attribute': '101225_Income type', 'value': '0.024'}, {'attribute': '106647_Loan annuity', 'value': '0.024'}]
103420
fair
[{'attribute': '101225_Income type', 'value': '0.024'}, {'attribute': '106647_Loan annuity', 'value': '0.024'}]
102450
fair
[{'attribute': '101225_Income type', 'value': '0.024'}, {'attribute': '106647_Loan annuity', 'value': '0.024'}]
105528
unfair
[{'attribute': '101225_Income type', 'value': '0.024'}, {'attribute': '106647_Loan annuity', 'value': '0.024'}]
105528
fair
[{'attribute': '101225_Income type', 'value': '0.024'}, {'attribute': '106647_Loan annuity', 'value': '0.024'}]
101008
fair
[{'attribute': '101225_Income type', 'value': '0.024'}, {'attribute': '106647_Loan annuity', 'value': '0.024'}]
105807
unfair
[{'attribute': '101225_Income type', 'value': '0.024'}, {'attribute': '106647_Loan annuity', 'value': '0.024'}]
105807
fair
[{'attribute': '101225_Income type', 'value': '0.024'}, {'attribute': '106647_Loan annuity', 'value': '0.024'}]
100740
fair
[{'attribute': '101225_Income type', 'value': '0.024'}, {'attribute': '106647_Loan annuity', 'value': '0.024'}]
101427
fair
[{'attribute': '101225_Income type', 'value': '0.024'}, {'attribute': '106647_Loan annuity', 'value': '0.024'}]
106314
fair
[{'attribute': '101225_Income type', 'value': '0.024'}, {'attribute': '106647_Loan annuity', 'value': '0.024'}]
101697
fair
[{'attribute': '101225_Income type', 'value': '0.024'}, {'attribute': '106647_Loan annuity', 'value': '0.024'}]
101976
fair
[{'attribute': '101225_Income type', 'value': '0.024'}, {'attribute': '106647_Loan annuity', 'value': '0.024'}]
102933
fair
[{'attribute': '101225_Income type', 'value': '0.024'}, {'attribute': '106647_Loan annuity', 'value': '0.024'}]
100982
fair
[{'attribute': '101225_Income type', 'value': '0.024'}, {'attribute': '106647_Loan annuity', 'value': '0.024'}]
103025
fair
[{'attribute': '101225_Income type', 'value': '0.024'}, {'attribute': '106647_Loan annuity', 'value': '0.024'}]
100568
fair
[{'attribute': '101225_Income type', 'value': '0.024'}, {'attribute': '106647_Loan annuity', 'value': '0.024'}]
104230
fair
[{'attribute': '101225_Income type', 'value': '0.024'}, {'attribute': '106647_Loan annuity', 'value': '0.024'}]
105074
fair
[{'attribute': '101225_Income type', 'value': '0.024'}, {'attribute': '106647_Loan annuity', 'value': '0.024'}]
106199
fair
[{'attribute': '101225_Income type', 'value': '0.024'}, {'attribute': '106647_Loan annuity', 'value': '0.024'}]
105617
fair
[{'attribute': '101225_Income type', 'value': '0.024'}, {'attribute': '106647_Loan annuity', 'value': '0.024'}]
104035
unfair
[{'attribute': '101225_Income type', 'value': '0.024'}, {'attribute': '106647_Loan annuity', 'value': '0.024'}]
106428
fair
[{'attribute': '101225_Income type', 'value': '0.024'}, {'attribute': '106647_Loan annuity', 'value': '0.024'}]
