106647
fair
[{'attribute': '106647_Loan Credit amount ', 'value': '0.038'}, {'attribute': '106647_Owns Car', 'value': '0.073'}]
106401
fair
[{'attribute': '106401_Income type', 'value': '0.073'}, {'attribute': '106401_Years since changing phone', 'value': '0.008'}, {'attribute': '106401_Highest education level', 'value': '0.034'}, {'attribute': '106401_Gender', 'value': '0.041'}, {'attribute': '106647_Owns Car', 'value': '0.073'}, {'attribute': '106401_Years in current employment', 'value': '0.05'}, {'attribute': '106401_Occupation Type', 'value': '0.042'}, {'attribute': '106647_Loan Credit amount ', 'value': '0.038'}, {'attribute': '106401_Loan annuity', 'value': '0.073'}, {'attribute': '106401_Housing situation', 'value': '0'}, {'attribute': '106401_Age', 'value': '0.062'}, {'attribute': '106401_Family status', 'value': '0.05'}]
106488
unfair
[{'attribute': '106401_Income type', 'value': '0.073'}, {'attribute': '106401_Years since changing phone', 'value': '0.008'}, {'attribute': '106401_Highest education level', 'value': '0.034'}, {'attribute': '106401_Gender', 'value': '0.041'}, {'attribute': '106647_Owns Car', 'value': '0.073'}, {'attribute': '106401_Years in current employment', 'value': '0.05'}, {'attribute': '106401_Occupation Type', 'value': '0.042'}, {'attribute': '106647_Loan Credit amount ', 'value': '0.038'}, {'attribute': '106401_Loan annuity', 'value': '0.073'}, {'attribute': '106401_Housing situation', 'value': '0'}, {'attribute': '106401_Age', 'value': '0.062'}, {'attribute': '106401_Family status', 'value': '0.05'}]
101367
fair
[{'attribute': '106401_Income type', 'value': '0.073'}, {'attribute': '106401_Years since changing phone', 'value': '0.008'}, {'attribute': '106401_Highest education level', 'value': '0.034'}, {'attribute': '106401_Gender', 'value': '0.041'}, {'attribute': '106647_Owns Car', 'value': '0.073'}, {'attribute': '106401_Years in current employment', 'value': '0.05'}, {'attribute': '106401_Occupation Type', 'value': '0.042'}, {'attribute': '106647_Loan Credit amount ', 'value': '0.038'}, {'attribute': '106401_Loan annuity', 'value': '0.073'}, {'attribute': '106401_Housing situation', 'value': '0'}, {'attribute': '106401_Age', 'value': '0.062'}, {'attribute': '106401_Family status', 'value': '0.05'}]
100241
fair
[{'attribute': '106401_Income type', 'value': '0.073'}, {'attribute': '106401_Years since changing phone', 'value': '0.008'}, {'attribute': '106401_Highest education level', 'value': '0.034'}, {'attribute': '106401_Gender', 'value': '0.041'}, {'attribute': '106647_Owns Car', 'value': '0.073'}, {'attribute': '106401_Years in current employment', 'value': '0.05'}, {'attribute': '106401_Occupation Type', 'value': '0.042'}, {'attribute': '106647_Loan Credit amount ', 'value': '0.038'}, {'attribute': '106401_Loan annuity', 'value': '0.073'}, {'attribute': '106401_Housing situation', 'value': '0'}, {'attribute': '106401_Age', 'value': '0.062'}, {'attribute': '106401_Family status', 'value': '0.05'}]
104318
fair
[{'attribute': '106401_Income type', 'value': '0.073'}, {'attribute': '106401_Years since changing phone', 'value': '0.008'}, {'attribute': '106401_Highest education level', 'value': '0.034'}, {'attribute': '106401_Gender', 'value': '0.041'}, {'attribute': '106647_Owns Car', 'value': '0.073'}, {'attribute': '106401_Years in current employment', 'value': '0.05'}, {'attribute': '106401_Occupation Type', 'value': '0.042'}, {'attribute': '106647_Loan Credit amount ', 'value': '0.038'}, {'attribute': '106401_Loan annuity', 'value': '0.073'}, {'attribute': '106401_Housing situation', 'value': '0'}, {'attribute': '106401_Age', 'value': '0.062'}, {'attribute': '106401_Family status', 'value': '0.05'}]
104860
fair
[{'attribute': '106401_Income type', 'value': '0.073'}, {'attribute': '106401_Years since changing phone', 'value': '0.008'}, {'attribute': '106401_Highest education level', 'value': '0.034'}, {'attribute': '106401_Gender', 'value': '0.041'}, {'attribute': '104318_Installments', 'value': '0.062'}, {'attribute': '106647_Owns Car', 'value': '0.073'}, {'attribute': '106401_Years in current employment', 'value': '0.05'}, {'attribute': '106401_Occupation Type', 'value': '0.042'}, {'attribute': '106647_Loan Credit amount ', 'value': '0.038'}, {'attribute': '106401_Loan annuity', 'value': '0.073'}, {'attribute': '106401_Housing situation', 'value': '0'}, {'attribute': '106401_Age', 'value': '0.062'}, {'attribute': '106401_Family status', 'value': '0.05'}]
100278
fair
[{'attribute': '106401_Income type', 'value': '0.073'}, {'attribute': '106401_Years since changing phone', 'value': '0.008'}, {'attribute': '106401_Highest education level', 'value': '0.034'}, {'attribute': '106401_Gender', 'value': '0.041'}, {'attribute': '104318_Installments', 'value': '0.062'}, {'attribute': '106647_Owns Car', 'value': '0.073'}, {'attribute': '106401_Years in current employment', 'value': '0.05'}, {'attribute': '106401_Occupation Type', 'value': '0.042'}, {'attribute': '106647_Loan Credit amount ', 'value': '0.038'}, {'attribute': '106401_Loan annuity', 'value': '0.073'}, {'attribute': '106401_Housing situation', 'value': '0'}, {'attribute': '106401_Age', 'value': '0.062'}, {'attribute': '106401_Family status', 'value': '0.05'}]
100278
unfair
[{'attribute': '106401_Income type', 'value': '0.073'}, {'attribute': '106401_Years since changing phone', 'value': '0.008'}, {'attribute': '106401_Highest education level', 'value': '0.034'}, {'attribute': '106401_Gender', 'value': '0.041'}, {'attribute': '104318_Installments', 'value': '0.062'}, {'attribute': '106647_Owns Car', 'value': '0.073'}, {'attribute': '106401_Years in current employment', 'value': '0.05'}, {'attribute': '106401_Occupation Type', 'value': '0.042'}, {'attribute': '106647_Loan Credit amount ', 'value': '0.038'}, {'attribute': '106401_Loan annuity', 'value': '0.073'}, {'attribute': '106401_Housing situation', 'value': '0'}, {'attribute': '106401_Age', 'value': '0.062'}, {'attribute': '106401_Family status', 'value': '0.05'}]
105231
fair
[{'attribute': '106401_Income type', 'value': '0.073'}, {'attribute': '106401_Years since changing phone', 'value': '0.008'}, {'attribute': '106401_Highest education level', 'value': '0.034'}, {'attribute': '106401_Gender', 'value': '0.041'}, {'attribute': '104318_Installments', 'value': '0.062'}, {'attribute': '106647_Owns Car', 'value': '0.073'}, {'attribute': '106401_Years in current employment', 'value': '0.05'}, {'attribute': '106401_Occupation Type', 'value': '0.042'}, {'attribute': '106647_Loan Credit amount ', 'value': '0.038'}, {'attribute': '106401_Loan annuity', 'value': '0.073'}, {'attribute': '106401_Housing situation', 'value': '0'}, {'attribute': '106401_Age', 'value': '0.062'}, {'attribute': '106401_Family status', 'value': '0.05'}]
100001
fair
[{'attribute': '106401_Income type', 'value': '0.073'}, {'attribute': '106401_Years since changing phone', 'value': '0.008'}, {'attribute': '106401_Highest education level', 'value': '0.034'}, {'attribute': '106401_Gender', 'value': '0.041'}, {'attribute': '104318_Installments', 'value': '0.062'}, {'attribute': '106647_Owns Car', 'value': '0.073'}, {'attribute': '106401_Years in current employment', 'value': '0.05'}, {'attribute': '106401_Occupation Type', 'value': '0.042'}, {'attribute': '106647_Loan Credit amount ', 'value': '0.038'}, {'attribute': '106401_Loan annuity', 'value': '0.073'}, {'attribute': '106401_Housing situation', 'value': '0'}, {'attribute': '106401_Age', 'value': '0.062'}, {'attribute': '106401_Family status', 'value': '0.05'}]
100028
fair
[{'attribute': '106401_Highest education level', 'value': '0.034'}, {'attribute': '106401_Gender', 'value': '0.041'}, {'attribute': '106647_Owns Car', 'value': '0.073'}, {'attribute': '106401_Years in current employment', 'value': '0.05'}, {'attribute': '106401_Occupation Type', 'value': '0.042'}, {'attribute': '100028_Loan Credit amount ', 'value': '0.073'}, {'attribute': '106401_Age', 'value': '0.062'}, {'attribute': '106401_Income type', 'value': '0.073'}, {'attribute': '106401_Years since changing phone', 'value': '0.008'}, {'attribute': '104318_Installments', 'value': '0.062'}, {'attribute': '106647_Loan Credit amount ', 'value': '0.038'}, {'attribute': '100028_Loan annuity', 'value': '0.073'}, {'attribute': '100028_Owns Car', 'value': '0'}, {'attribute': '106401_Loan annuity', 'value': '0.073'}, {'attribute': '106401_Housing situation', 'value': '0'}, {'attribute': '100028_Goods Price', 'value': '0.073'}, {'attribute': '106401_Family status', 'value': '0.05'}]
100038
unfair
[{'attribute': '106401_Highest education level', 'value': '0.034'}, {'attribute': '106401_Gender', 'value': '0.041'}, {'attribute': '106647_Owns Car', 'value': '0.073'}, {'attribute': '106401_Years in current employment', 'value': '0.05'}, {'attribute': '106401_Occupation Type', 'value': '0.042'}, {'attribute': '100028_Loan Credit amount ', 'value': '0.073'}, {'attribute': '106401_Age', 'value': '0.062'}, {'attribute': '106401_Income type', 'value': '0.073'}, {'attribute': '106401_Years since changing phone', 'value': '0.008'}, {'attribute': '104318_Installments', 'value': '0.062'}, {'attribute': '106647_Loan Credit amount ', 'value': '0.038'}, {'attribute': '100028_Loan annuity', 'value': '0.073'}, {'attribute': '100028_Owns Car', 'value': '0'}, {'attribute': '106401_Loan annuity', 'value': '0.073'}, {'attribute': '106401_Housing situation', 'value': '0'}, {'attribute': '100028_Goods Price', 'value': '0.073'}, {'attribute': '106401_Family status', 'value': '0.05'}]
100171
fair
[{'attribute': '106401_Highest education level', 'value': '0.034'}, {'attribute': '106401_Gender', 'value': '0.041'}, {'attribute': '100091_Loan Credit amount ', 'value': '0.073'}, {'attribute': '106647_Owns Car', 'value': '0.073'}, {'attribute': '106401_Years in current employment', 'value': '0.05'}, {'attribute': '106401_Occupation Type', 'value': '0.042'}, {'attribute': '100028_Loan Credit amount ', 'value': '0.073'}, {'attribute': '106401_Age', 'value': '0.062'}, {'attribute': '106401_Income type', 'value': '0.073'}, {'attribute': '106401_Years since changing phone', 'value': '0.008'}, {'attribute': '104318_Installments', 'value': '0.062'}, {'attribute': '106647_Loan Credit amount ', 'value': '0.038'}, {'attribute': '100028_Loan annuity', 'value': '0.073'}, {'attribute': '100028_Owns Car', 'value': '0'}, {'attribute': '106401_Loan annuity', 'value': '0.073'}, {'attribute': '106401_Housing situation', 'value': '0'}, {'attribute': '100091_Goods Price', 'value': '0.051'}, {'attribute': '100028_Goods Price', 'value': '0.073'}, {'attribute': '106401_Family status', 'value': '0.05'}]
100065
fair
[{'attribute': '106401_Highest education level', 'value': '0.034'}, {'attribute': '106401_Gender', 'value': '0.041'}, {'attribute': '100091_Loan Credit amount ', 'value': '0.073'}, {'attribute': '106647_Owns Car', 'value': '0.073'}, {'attribute': '106401_Years in current employment', 'value': '0.05'}, {'attribute': '106401_Occupation Type', 'value': '0.042'}, {'attribute': '100028_Loan Credit amount ', 'value': '0.073'}, {'attribute': '106401_Age', 'value': '0.062'}, {'attribute': '106401_Income type', 'value': '0.073'}, {'attribute': '106401_Years since changing phone', 'value': '0.008'}, {'attribute': '104318_Installments', 'value': '0.062'}, {'attribute': '106647_Loan Credit amount ', 'value': '0.038'}, {'attribute': '100028_Loan annuity', 'value': '0.073'}, {'attribute': '100028_Owns Car', 'value': '0'}, {'attribute': '106401_Loan annuity', 'value': '0.073'}, {'attribute': '106401_Housing situation', 'value': '0'}, {'attribute': '100091_Goods Price', 'value': '0.051'}, {'attribute': '100028_Goods Price', 'value': '0.073'}, {'attribute': '106401_Family status', 'value': '0.05'}]
100074
fair
[{'attribute': '106401_Highest education level', 'value': '0.034'}, {'attribute': '106401_Gender', 'value': '0.041'}, {'attribute': '100091_Loan Credit amount ', 'value': '0.073'}, {'attribute': '106647_Owns Car', 'value': '0.073'}, {'attribute': '106401_Years in current employment', 'value': '0.05'}, {'attribute': '106401_Occupation Type', 'value': '0.042'}, {'attribute': '100074_Owns Car', 'value': '0'}, {'attribute': '100028_Loan Credit amount ', 'value': '0.073'}, {'attribute': '106401_Age', 'value': '0.062'}, {'attribute': '106401_Income type', 'value': '0.073'}, {'attribute': '106401_Years since changing phone', 'value': '0.008'}, {'attribute': '104318_Installments', 'value': '0.062'}, {'attribute': '106647_Loan Credit amount ', 'value': '0.038'}, {'attribute': '100028_Loan annuity', 'value': '0.073'}, {'attribute': '100028_Owns Car', 'value': '0'}, {'attribute': '106401_Loan annuity', 'value': '0.073'}, {'attribute': '106401_Housing situation', 'value': '0'}, {'attribute': '100091_Goods Price', 'value': '0.051'}, {'attribute': '100028_Goods Price', 'value': '0.073'}, {'attribute': '106401_Family status', 'value': '0.05'}]
