106647
fair
[]
106401
fair
[]
106488
fair
[]
102450
fair
[]
100445
fair
[]
100445
unfair
[]
100445
fair
[]
100445
unfair
[{'attribute': '100445_Owns Car', 'value': '0.073'}]
100445
fair
[{'attribute': '100445_Owns Car', 'value': '0.073'}]
104230
fair
[{'attribute': '100445_Owns Car', 'value': '0.073'}]
102912
fair
[{'attribute': '100445_Owns Car', 'value': '0.073'}]
100306
fair
[{'attribute': '100445_Owns Car', 'value': '0.073'}]
101367
fair
[{'attribute': '100445_Owns Car', 'value': '0.073'}]
100241
fair
[{'attribute': '100445_Owns Car', 'value': '0.073'}]
106802
fair
[{'attribute': '100445_Owns Car', 'value': '0.073'}]
105035
fair
[{'attribute': '100445_Owns Car', 'value': '0.073'}]
104860
fair
[{'attribute': '100445_Owns Car', 'value': '0.073'}]
103570
fair
[{'attribute': '100445_Owns Car', 'value': '0.073'}]
103762
fair
[{'attribute': '100445_Owns Car', 'value': '0.073'}]
102470
fair
[{'attribute': '100445_Owns Car', 'value': '0.073'}]
105051
fair
[{'attribute': '100445_Owns Car', 'value': '0.073'}]
101287
fair
[{'attribute': '100445_Owns Car', 'value': '0.073'}]
103147
fair
[{'attribute': '100445_Owns Car', 'value': '0.073'}]
103824
unfair
[{'attribute': '100445_Owns Car', 'value': '0.073'}]
103980
unfair
[{'attribute': '100445_Owns Car', 'value': '0.073'}]
101362
unfair
[{'attribute': '100445_Owns Car', 'value': '0.073'}]
106861
unfair
[{'attribute': '100445_Owns Car', 'value': '0.073'}]
106387
unfair
[{'attribute': '100445_Owns Car', 'value': '0.073'}]
100622
unfair
[{'attribute': '100445_Owns Car', 'value': '0.073'}]
100622
fair
[{'attribute': '100445_Owns Car', 'value': '0.073'}]
103783
fair
[{'attribute': '100445_Owns Car', 'value': '0.073'}]
104772
fair
[{'attribute': '100445_Owns Car', 'value': '0.073'}]
100753
fair
[{'attribute': '100445_Owns Car', 'value': '0.073'}]
102445
fair
[{'attribute': '100445_Owns Car', 'value': '0.073'}]
101903
fair
[{'attribute': '100445_Owns Car', 'value': '0.073'}]
101259
fair
[{'attribute': '100445_Owns Car', 'value': '0.073'}]
101025
fair
[{'attribute': '100445_Owns Car', 'value': '0.073'}]
100384
fair
[{'attribute': '100445_Owns Car', 'value': '0.073'}]
101136
fair
[{'attribute': '100445_Owns Car', 'value': '0.073'}]
101961
fair
[{'attribute': '100445_Owns Car', 'value': '0.073'}]
104916
fair
[{'attribute': '100445_Owns Car', 'value': '0.073'}]
106760
fair
[{'attribute': '100445_Owns Car', 'value': '0.073'}]
101667
unfair
[{'attribute': '100445_Owns Car', 'value': '0.073'}]
104712
unfair
[{'attribute': '100445_Owns Car', 'value': '0.073'}]
105456
unfair
[{'attribute': '100445_Owns Car', 'value': '0.073'}]
103473
unfair
[{'attribute': '100445_Owns Car', 'value': '0.073'}]
104473
unfair
[{'attribute': '100445_Owns Car', 'value': '0.073'}]
104369
unfair
[{'attribute': '100445_Owns Car', 'value': '0.073'}]
104369
fair
[{'attribute': '100445_Owns Car', 'value': '0.073'}]
106155
fair
[{'attribute': '100445_Owns Car', 'value': '0.073'}]
104741
fair
[{'attribute': '100445_Owns Car', 'value': '0.073'}]
101056
fair
[{'attribute': '100445_Owns Car', 'value': '0.073'}]
101548
fair
[{'attribute': '100445_Owns Car', 'value': '0.073'}]
103494
fair
[{'attribute': '100445_Owns Car', 'value': '0.073'}]
103963
fair
[{'attribute': '100445_Owns Car', 'value': '0.073'}]
106784
fair
[{'attribute': '100445_Owns Car', 'value': '0.073'}]
100952
fair
[{'attribute': '100445_Owns Car', 'value': '0.073'}]
106822
fair
[{'attribute': '100445_Owns Car', 'value': '0.073'}]
103624
fair
[{'attribute': '100445_Owns Car', 'value': '0.073'}]
101674
fair
[{'attribute': '100445_Owns Car', 'value': '0.073'}]
106712
fair
[{'attribute': '100445_Owns Car', 'value': '0.073'}]
105142
fair
[{'attribute': '100445_Owns Car', 'value': '0.073'}]
100770
fair
[{'attribute': '100445_Owns Car', 'value': '0.073'}]
100065
fair
[{'attribute': '100445_Owns Car', 'value': '0.073'}]
102549
fair
[{'attribute': '100445_Owns Car', 'value': '0.073'}]
100128
fair
[{'attribute': '100445_Owns Car', 'value': '0.073'}]
103252
fair
[{'attribute': '100445_Owns Car', 'value': '0.073'}]
105856
fair
[{'attribute': '100445_Owns Car', 'value': '0.073'}]
103184
fair
[{'attribute': '100445_Owns Car', 'value': '0.073'}]
103408
fair
[{'attribute': '100445_Owns Car', 'value': '0.073'}]
104257
fair
[{'attribute': '100445_Owns Car', 'value': '0.073'}]
102763
fair
[{'attribute': '100445_Owns Car', 'value': '0.073'}]
103733
fair
[{'attribute': '100445_Owns Car', 'value': '0.073'}]
100278
fair
[{'attribute': '100445_Owns Car', 'value': '0.073'}]
103102
fair
[{'attribute': '100445_Owns Car', 'value': '0.073'}]
105231
fair
[{'attribute': '100445_Owns Car', 'value': '0.073'}]
106585
fair
[{'attribute': '100445_Owns Car', 'value': '0.073'}]
104410
fair
[{'attribute': '100445_Owns Car', 'value': '0.073'}]
105067
fair
[{'attribute': '100445_Owns Car', 'value': '0.073'}]
105802
fair
[{'attribute': '100445_Owns Car', 'value': '0.073'}]
104398
fair
[{'attribute': '100445_Owns Car', 'value': '0.073'}]
101715
fair
[{'attribute': '100445_Owns Car', 'value': '0.073'}]
102701
fair
[{'attribute': '100445_Owns Car', 'value': '0.073'}]
104921
fair
[{'attribute': '100445_Owns Car', 'value': '0.073'}]
106354
fair
[{'attribute': '100445_Owns Car', 'value': '0.073'}]
105672
fair
[{'attribute': '100445_Owns Car', 'value': '0.073'}]
104320
fair
[{'attribute': '100445_Owns Car', 'value': '0.073'}]
101225
fair
[{'attribute': '100445_Owns Car', 'value': '0.073'}]
103420
fair
[{'attribute': '100445_Owns Car', 'value': '0.073'}]
105528
fair
[{'attribute': '100445_Owns Car', 'value': '0.073'}]
101008
fair
[{'attribute': '100445_Owns Car', 'value': '0.073'}]
105807
fair
[{'attribute': '100445_Owns Car', 'value': '0.073'}]
100740
fair
[{'attribute': '100445_Owns Car', 'value': '0.073'}]
101427
fair
[{'attribute': '100445_Owns Car', 'value': '0.073'}]
106314
fair
[{'attribute': '100445_Owns Car', 'value': '0.073'}]
101697
fair
[{'attribute': '100445_Owns Car', 'value': '0.073'}]
101976
fair
[{'attribute': '100445_Owns Car', 'value': '0.073'}]
102933
fair
[{'attribute': '100445_Owns Car', 'value': '0.073'}]
100982
fair
[{'attribute': '100445_Owns Car', 'value': '0.073'}]
103025
fair
[{'attribute': '100445_Owns Car', 'value': '0.073'}]
100568
fair
[{'attribute': '100445_Owns Car', 'value': '0.073'}]
105074
fair
[{'attribute': '100445_Owns Car', 'value': '0.073'}]
106199
fair
[{'attribute': '100445_Owns Car', 'value': '0.073'}]
