106647
unfair
[]
103572
fair
[{'attribute': '103572_Highest education level', 'value': '0.05'}]
106401
fair
[{'attribute': '103572_Highest education level', 'value': '0.05'}]
106488
fair
[{'attribute': '103572_Highest education level', 'value': '0.05'}]
101367
fair
[{'attribute': '103572_Highest education level', 'value': '0.05'}]
105231
fair
[{'attribute': '103572_Highest education level', 'value': '0.05'}]
106225
unfair
[{'attribute': '103572_Highest education level', 'value': '0.05'}]
100005
fair
[{'attribute': '103572_Highest education level', 'value': '0.05'}]
100038
unfair
[{'attribute': '103572_Highest education level', 'value': '0.05'}]
100091
fair
[{'attribute': '103572_Highest education level', 'value': '0.05'}]
100128
unfair
[{'attribute': '103572_Highest education level', 'value': '0.05'}]
100013
fair
[{'attribute': '103572_Highest education level', 'value': '0.05'}]
100001
fair
[{'attribute': '103572_Highest education level', 'value': '0.05'}]
104685
fair
[{'attribute': '103572_Highest education level', 'value': '0.05'}]
100171
unfair
[{'attribute': '103572_Highest education level', 'value': '0.05'}]
100172
unfair
[{'attribute': '103572_Highest education level', 'value': '0.05'}]
100311
unfair
[{'attribute': '103572_Highest education level', 'value': '0.05'}]
102099
fair
[{'attribute': '103572_Highest education level', 'value': '0.05'}]
100278
unfair
[{'attribute': '103572_Highest education level', 'value': '0.05'}]
100169
fair
[{'attribute': '103572_Highest education level', 'value': '0.05'}]
100446
fair
[{'attribute': '103572_Highest education level', 'value': '0.05'}]
102772
unfair
[{'attribute': '103572_Highest education level', 'value': '0.05'}]
102887
unfair
[{'attribute': '103572_Highest education level', 'value': '0.05'}]
101363
unfair
[{'attribute': '103572_Highest education level', 'value': '0.05'}]
100770
fair
[{'attribute': '103572_Highest education level', 'value': '0.05'}]
100028
fair
[{'attribute': '103572_Highest education level', 'value': '0.05'}]
