106647
unfair
[]
106401
fair
[]
106488
fair
[]
101367
fair
[]
103046
fair
[]
104318
fair
[]
104620
fair
[]
105357
fair
[]
102193
unfair
[]
100330
unfair
[]
103515
fair
[]
106354
fair
[]
105672
fair
[]
104320
fair
[]
101225
fair
[]
102450
unfair
[]
103420
unfair
[]
105528
unfair
[]
101008
unfair
[]
105807
unfair
[]
100740
fair
[]
101427
fair
[]
106314
unfair
[]
101697
unfair
[]
101976
unfair
[]
100982
fair
[]
102933
fair
[]
103025
unfair
[]
100568
fair
[]
104230
unfair
[]
105074
fair
[]
106199
fair
[]
105617
unfair
[]
104035
fair
[]
106428
fair
[]
102051
fair
[]
