106647
fair
[]
106401
unfair
[{'attribute': '106401_Gender', 'value': '0.037'}]
106488
fair
[{'attribute': '106488_Owns Property', 'value': '0.041'}, {'attribute': '106401_Gender', 'value': '0.037'}, {'attribute': '106488_Occupation Type', 'value': '0.043'}, {'attribute': '106488_Years in current employment', 'value': '0.04'}]
101367
unfair
[{'attribute': '106488_Owns Property', 'value': '0.041'}, {'attribute': '106401_Gender', 'value': '0.037'}, {'attribute': '101367_Owns Property', 'value': '0.042'}, {'attribute': '106488_Occupation Type', 'value': '0.043'}, {'attribute': '101367_Has email', 'value': '0.036'}, {'attribute': '101367_Income type', 'value': '0.047'}, {'attribute': '101367_Number of children', 'value': '0.043'}, {'attribute': '106488_Years in current employment', 'value': '0.04'}]
100241
unfair
[{'attribute': '106488_Owns Property', 'value': '0.041'}, {'attribute': '100241_Owns Car', 'value': '0.049'}, {'attribute': '106401_Gender', 'value': '0.037'}, {'attribute': '101367_Owns Property', 'value': '0.042'}, {'attribute': '106488_Occupation Type', 'value': '0.043'}, {'attribute': '100241_Housing situation', 'value': '0.041'}, {'attribute': '100241_Family status', 'value': '0.044'}, {'attribute': '101367_Has email', 'value': '0.036'}, {'attribute': '101367_Income type', 'value': '0.047'}, {'attribute': '100241_Loan Credit amount ', 'value': '0.04'}, {'attribute': '101367_Number of children', 'value': '0.043'}, {'attribute': '106488_Years in current employment', 'value': '0.04'}]
106802
fair
[{'attribute': '106488_Owns Property', 'value': '0.041'}, {'attribute': '106401_Gender', 'value': '0.037'}, {'attribute': '101367_Owns Property', 'value': '0.042'}, {'attribute': '100241_Housing situation', 'value': '0.041'}, {'attribute': '101367_Income type', 'value': '0.047'}, {'attribute': '106802_Housing situation', 'value': '0.042'}, {'attribute': '106802_Family status', 'value': '0.041'}, {'attribute': '106488_Years in current employment', 'value': '0.04'}, {'attribute': '106488_Occupation Type', 'value': '0.043'}, {'attribute': '100241_Family status', 'value': '0.044'}, {'attribute': '101367_Has email', 'value': '0.036'}, {'attribute': '100241_Loan Credit amount ', 'value': '0.04'}, {'attribute': '106802_Loan Credit amount ', 'value': '0.045'}, {'attribute': '106802_Gender', 'value': '0.032'}, {'attribute': '101367_Number of children', 'value': '0.043'}, {'attribute': '106802_Income', 'value': '0.043'}, {'attribute': '106802_Occupation Type', 'value': '0.043'}, {'attribute': '100241_Owns Car', 'value': '0.049'}]
105035
fair
[{'attribute': '106488_Owns Property', 'value': '0.041'}, {'attribute': '106401_Gender', 'value': '0.037'}, {'attribute': '101367_Owns Property', 'value': '0.042'}, {'attribute': '106802_Owns Property', 'value': '0.052'}, {'attribute': '100241_Housing situation', 'value': '0.041'}, {'attribute': '101367_Income type', 'value': '0.047'}, {'attribute': '105035_Employer organization', 'value': '0.051'}, {'attribute': '106802_Housing situation', 'value': '0.042'}, {'attribute': '106802_Family status', 'value': '0.041'}, {'attribute': '106488_Years in current employment', 'value': '0.04'}, {'attribute': '105035_Gender', 'value': '0.009'}, {'attribute': '106488_Occupation Type', 'value': '0.043'}, {'attribute': '105035_Family status', 'value': '0.055'}, {'attribute': '100241_Family status', 'value': '0.044'}, {'attribute': '101367_Has email', 'value': '0.036'}, {'attribute': '105035_Occupation Type', 'value': '0.054'}, {'attribute': '100241_Loan Credit amount ', 'value': '0.04'}, {'attribute': '106802_Loan Credit amount ', 'value': '0.045'}, {'attribute': '106802_Gender', 'value': '0.032'}, {'attribute': '101367_Number of children', 'value': '0.043'}, {'attribute': '106802_Income', 'value': '0.043'}, {'attribute': '106802_Occupation Type', 'value': '0.043'}, {'attribute': '106802_Number of children', 'value': '0.054'}, {'attribute': '100241_Owns Car', 'value': '0.049'}]
104860
unfair
[{'attribute': '106488_Owns Property', 'value': '0.041'}, {'attribute': '106401_Gender', 'value': '0.037'}, {'attribute': '101367_Owns Property', 'value': '0.042'}, {'attribute': '100241_Housing situation', 'value': '0.041'}, {'attribute': '104860_Loan Credit amount ', 'value': '0.056'}, {'attribute': '104860_Income', 'value': '0.05'}, {'attribute': '104860_Gender', 'value': '0.014'}, {'attribute': '106802_Family status', 'value': '0.041'}, {'attribute': '104860_Family status', 'value': '0.059'}, {'attribute': '104860_Occupation Type', 'value': '0.054'}, {'attribute': '105035_Occupation Type', 'value': '0.054'}, {'attribute': '106802_Gender', 'value': '0.032'}, {'attribute': '106802_Occupation Type', 'value': '0.043'}, {'attribute': '106802_Number of children', 'value': '0.054'}, {'attribute': '104860_Number of children', 'value': '0.043'}, {'attribute': '104860_Number of family members', 'value': '0.043'}, {'attribute': '104860_Owns Property', 'value': '0.041'}, {'attribute': '100241_Owns Car', 'value': '0.049'}, {'attribute': '106802_Owns Property', 'value': '0.052'}, {'attribute': '104860_Income type', 'value': '0.054'}, {'attribute': '105035_Number of children', 'value': '0.052'}, {'attribute': '101367_Income type', 'value': '0.047'}, {'attribute': '105035_Employer organization', 'value': '0.051'}, {'attribute': '105035_Owns Property', 'value': '0.05'}, {'attribute': '106802_Housing situation', 'value': '0.042'}, {'attribute': '106488_Years in current employment', 'value': '0.04'}, {'attribute': '105035_Gender', 'value': '0.009'}, {'attribute': '106488_Occupation Type', 'value': '0.043'}, {'attribute': '105035_Family status', 'value': '0.055'}, {'attribute': '100241_Family status', 'value': '0.044'}, {'attribute': '101367_Has email', 'value': '0.036'}, {'attribute': '100241_Loan Credit amount ', 'value': '0.04'}, {'attribute': '106802_Loan Credit amount ', 'value': '0.045'}, {'attribute': '101367_Number of children', 'value': '0.043'}, {'attribute': '106802_Income', 'value': '0.043'}]
