106647
unfair
[{'attribute': '106647_Owns Car', 'value': '0.073'}]
106647
fair
[{'attribute': '106647_Owns Car', 'value': '0.073'}]
106401
fair
[{'attribute': '106401_Income', 'value': '0.053'}, {'attribute': '106647_Owns Car', 'value': '0.073'}]
102854
fair
[{'attribute': '102854_Family status', 'value': '0.059'}, {'attribute': '106401_Income', 'value': '0.053'}, {'attribute': '102854_Housing situation', 'value': '0.053'}, {'attribute': '106647_Owns Car', 'value': '0.073'}, {'attribute': '102854_Years since changing registration', 'value': '0.042'}]
100013
fair
[{'attribute': '106401_Income', 'value': '0.053'}, {'attribute': '102854_Housing situation', 'value': '0.053'}, {'attribute': '106647_Owns Car', 'value': '0.073'}, {'attribute': '100013_Housing situation', 'value': '0.04'}, {'attribute': '102854_Years since changing registration', 'value': '0.042'}, {'attribute': '100013_Occupation Type', 'value': '0.038'}, {'attribute': '102854_Family status', 'value': '0.059'}, {'attribute': '100013_Number of Credit Bureau enquiries 1 year before application', 'value': '0.053'}, {'attribute': '100013_Income type', 'value': '0.055'}]
100212
fair
[{'attribute': '100212_Loan Credit amount ', 'value': '0.045'}, {'attribute': '100013_Housing situation', 'value': '0.04'}, {'attribute': '106647_Owns Car', 'value': '0.073'}, {'attribute': '102854_Years since changing registration', 'value': '0.042'}, {'attribute': '100013_Number of Credit Bureau enquiries 1 year before application', 'value': '0.053'}, {'attribute': '100013_Income type', 'value': '0.055'}, {'attribute': '106401_Income', 'value': '0.053'}, {'attribute': '102854_Housing situation', 'value': '0.053'}, {'attribute': '100212_Family status', 'value': '0.047'}, {'attribute': '100013_Occupation Type', 'value': '0.038'}, {'attribute': '102854_Family status', 'value': '0.059'}, {'attribute': '100212_Income type', 'value': '0.05'}, {'attribute': '100212_Goods Price', 'value': '0.051'}, {'attribute': '100212_Income', 'value': '0.042'}]
100005
unfair
[{'attribute': '100212_Loan Credit amount ', 'value': '0.045'}, {'attribute': '100013_Housing situation', 'value': '0.04'}, {'attribute': '106647_Owns Car', 'value': '0.073'}, {'attribute': '102854_Years since changing registration', 'value': '0.042'}, {'attribute': '100013_Number of Credit Bureau enquiries 1 year before application', 'value': '0.053'}, {'attribute': '100013_Income type', 'value': '0.055'}, {'attribute': '106401_Income', 'value': '0.053'}, {'attribute': '102854_Housing situation', 'value': '0.053'}, {'attribute': '100212_Family status', 'value': '0.047'}, {'attribute': '100013_Occupation Type', 'value': '0.038'}, {'attribute': '102854_Family status', 'value': '0.059'}, {'attribute': '100212_Income type', 'value': '0.05'}, {'attribute': '100212_Goods Price', 'value': '0.051'}, {'attribute': '100212_Income', 'value': '0.042'}]
100042
fair
[{'attribute': '100212_Loan Credit amount ', 'value': '0.045'}, {'attribute': '100013_Housing situation', 'value': '0.04'}, {'attribute': '106647_Owns Car', 'value': '0.073'}, {'attribute': '102854_Years since changing registration', 'value': '0.042'}, {'attribute': '100013_Number of Credit Bureau enquiries 1 year before application', 'value': '0.053'}, {'attribute': '100013_Income type', 'value': '0.055'}, {'attribute': '106401_Income', 'value': '0.053'}, {'attribute': '102854_Housing situation', 'value': '0.053'}, {'attribute': '100212_Family status', 'value': '0.047'}, {'attribute': '100013_Occupation Type', 'value': '0.038'}, {'attribute': '102854_Family status', 'value': '0.059'}, {'attribute': '100212_Income type', 'value': '0.05'}, {'attribute': '100212_Goods Price', 'value': '0.051'}, {'attribute': '100212_Income', 'value': '0.042'}]
100038
unfair
[{'attribute': '100212_Loan Credit amount ', 'value': '0.045'}, {'attribute': '100013_Housing situation', 'value': '0.04'}, {'attribute': '106647_Owns Car', 'value': '0.073'}, {'attribute': '102854_Years since changing registration', 'value': '0.042'}, {'attribute': '100013_Number of Credit Bureau enquiries 1 year before application', 'value': '0.053'}, {'attribute': '100013_Income type', 'value': '0.055'}, {'attribute': '106401_Income', 'value': '0.053'}, {'attribute': '102854_Housing situation', 'value': '0.053'}, {'attribute': '100212_Family status', 'value': '0.047'}, {'attribute': '100013_Occupation Type', 'value': '0.038'}, {'attribute': '102854_Family status', 'value': '0.059'}, {'attribute': '100212_Income type', 'value': '0.05'}, {'attribute': '100212_Goods Price', 'value': '0.051'}, {'attribute': '100212_Income', 'value': '0.042'}]
100028
fair
[{'attribute': '100212_Loan Credit amount ', 'value': '0.045'}, {'attribute': '100013_Housing situation', 'value': '0.04'}, {'attribute': '106647_Owns Car', 'value': '0.073'}, {'attribute': '102854_Years since changing registration', 'value': '0.042'}, {'attribute': '100013_Number of Credit Bureau enquiries 1 year before application', 'value': '0.053'}, {'attribute': '100013_Income type', 'value': '0.055'}, {'attribute': '106401_Income', 'value': '0.053'}, {'attribute': '102854_Housing situation', 'value': '0.053'}, {'attribute': '100212_Family status', 'value': '0.047'}, {'attribute': '100013_Occupation Type', 'value': '0.038'}, {'attribute': '102854_Family status', 'value': '0.059'}, {'attribute': '100212_Income type', 'value': '0.05'}, {'attribute': '100212_Goods Price', 'value': '0.051'}, {'attribute': '100212_Income', 'value': '0.042'}]
100168
fair
[{'attribute': '100212_Loan Credit amount ', 'value': '0.045'}, {'attribute': '100013_Housing situation', 'value': '0.04'}, {'attribute': '106647_Owns Car', 'value': '0.073'}, {'attribute': '102854_Years since changing registration', 'value': '0.042'}, {'attribute': '100013_Number of Credit Bureau enquiries 1 year before application', 'value': '0.053'}, {'attribute': '100013_Income type', 'value': '0.055'}, {'attribute': '106401_Income', 'value': '0.053'}, {'attribute': '102854_Housing situation', 'value': '0.053'}, {'attribute': '100212_Family status', 'value': '0.047'}, {'attribute': '100013_Occupation Type', 'value': '0.038'}, {'attribute': '102854_Family status', 'value': '0.059'}, {'attribute': '100212_Income type', 'value': '0.05'}, {'attribute': '100212_Goods Price', 'value': '0.051'}, {'attribute': '100212_Income', 'value': '0.042'}]
100106
unfair
[{'attribute': '100212_Loan Credit amount ', 'value': '0.045'}, {'attribute': '100013_Housing situation', 'value': '0.04'}, {'attribute': '106647_Owns Car', 'value': '0.073'}, {'attribute': '102854_Years since changing registration', 'value': '0.042'}, {'attribute': '100013_Number of Credit Bureau enquiries 1 year before application', 'value': '0.053'}, {'attribute': '100013_Income type', 'value': '0.055'}, {'attribute': '106401_Income', 'value': '0.053'}, {'attribute': '102854_Housing situation', 'value': '0.053'}, {'attribute': '100212_Family status', 'value': '0.047'}, {'attribute': '100013_Occupation Type', 'value': '0.038'}, {'attribute': '102854_Family status', 'value': '0.059'}, {'attribute': '100212_Income type', 'value': '0.05'}, {'attribute': '100212_Goods Price', 'value': '0.051'}, {'attribute': '100212_Income', 'value': '0.042'}]
100312
fair
[{'attribute': '100212_Loan Credit amount ', 'value': '0.045'}, {'attribute': '100013_Housing situation', 'value': '0.04'}, {'attribute': '106647_Owns Car', 'value': '0.073'}, {'attribute': '102854_Years since changing registration', 'value': '0.042'}, {'attribute': '100013_Number of Credit Bureau enquiries 1 year before application', 'value': '0.053'}, {'attribute': '100013_Income type', 'value': '0.055'}, {'attribute': '106401_Income', 'value': '0.053'}, {'attribute': '102854_Housing situation', 'value': '0.053'}, {'attribute': '100212_Family status', 'value': '0.047'}, {'attribute': '100013_Occupation Type', 'value': '0.038'}, {'attribute': '102854_Family status', 'value': '0.059'}, {'attribute': '100212_Income type', 'value': '0.05'}, {'attribute': '100212_Goods Price', 'value': '0.051'}, {'attribute': '100212_Income', 'value': '0.042'}]
102763
fair
[{'attribute': '100212_Loan Credit amount ', 'value': '0.045'}, {'attribute': '100013_Housing situation', 'value': '0.04'}, {'attribute': '106647_Owns Car', 'value': '0.073'}, {'attribute': '102854_Years since changing registration', 'value': '0.042'}, {'attribute': '100013_Number of Credit Bureau enquiries 1 year before application', 'value': '0.053'}, {'attribute': '100013_Income type', 'value': '0.055'}, {'attribute': '106401_Income', 'value': '0.053'}, {'attribute': '102854_Housing situation', 'value': '0.053'}, {'attribute': '100212_Family status', 'value': '0.047'}, {'attribute': '100013_Occupation Type', 'value': '0.038'}, {'attribute': '102854_Family status', 'value': '0.059'}, {'attribute': '100212_Income type', 'value': '0.05'}, {'attribute': '100212_Goods Price', 'value': '0.051'}, {'attribute': '100212_Income', 'value': '0.042'}]
100067
fair
[{'attribute': '100212_Loan Credit amount ', 'value': '0.045'}, {'attribute': '100013_Housing situation', 'value': '0.04'}, {'attribute': '106647_Owns Car', 'value': '0.073'}, {'attribute': '102854_Years since changing registration', 'value': '0.042'}, {'attribute': '100013_Number of Credit Bureau enquiries 1 year before application', 'value': '0.053'}, {'attribute': '100013_Income type', 'value': '0.055'}, {'attribute': '106401_Income', 'value': '0.053'}, {'attribute': '102854_Housing situation', 'value': '0.053'}, {'attribute': '100212_Family status', 'value': '0.047'}, {'attribute': '100013_Occupation Type', 'value': '0.038'}, {'attribute': '102854_Family status', 'value': '0.059'}, {'attribute': '100212_Income type', 'value': '0.05'}, {'attribute': '100212_Goods Price', 'value': '0.051'}, {'attribute': '100212_Income', 'value': '0.042'}]
100416
fair
[{'attribute': '100212_Loan Credit amount ', 'value': '0.045'}, {'attribute': '100013_Housing situation', 'value': '0.04'}, {'attribute': '106647_Owns Car', 'value': '0.073'}, {'attribute': '102854_Years since changing registration', 'value': '0.042'}, {'attribute': '100013_Number of Credit Bureau enquiries 1 year before application', 'value': '0.053'}, {'attribute': '100013_Income type', 'value': '0.055'}, {'attribute': '106401_Income', 'value': '0.053'}, {'attribute': '102854_Housing situation', 'value': '0.053'}, {'attribute': '100212_Family status', 'value': '0.047'}, {'attribute': '100013_Occupation Type', 'value': '0.038'}, {'attribute': '102854_Family status', 'value': '0.059'}, {'attribute': '100212_Income type', 'value': '0.05'}, {'attribute': '100212_Goods Price', 'value': '0.051'}, {'attribute': '100212_Income', 'value': '0.042'}]
100107
fair
[{'attribute': '100212_Loan Credit amount ', 'value': '0.045'}, {'attribute': '100013_Housing situation', 'value': '0.04'}, {'attribute': '106647_Owns Car', 'value': '0.073'}, {'attribute': '102854_Years since changing registration', 'value': '0.042'}, {'attribute': '100013_Number of Credit Bureau enquiries 1 year before application', 'value': '0.053'}, {'attribute': '100013_Income type', 'value': '0.055'}, {'attribute': '106401_Income', 'value': '0.053'}, {'attribute': '102854_Housing situation', 'value': '0.053'}, {'attribute': '100212_Family status', 'value': '0.047'}, {'attribute': '100013_Occupation Type', 'value': '0.038'}, {'attribute': '102854_Family status', 'value': '0.059'}, {'attribute': '100212_Income type', 'value': '0.05'}, {'attribute': '100212_Goods Price', 'value': '0.051'}, {'attribute': '100212_Income', 'value': '0.042'}]
106225
fair
[{'attribute': '100212_Loan Credit amount ', 'value': '0.045'}, {'attribute': '100013_Housing situation', 'value': '0.04'}, {'attribute': '106647_Owns Car', 'value': '0.073'}, {'attribute': '102854_Years since changing registration', 'value': '0.042'}, {'attribute': '100013_Number of Credit Bureau enquiries 1 year before application', 'value': '0.053'}, {'attribute': '100013_Income type', 'value': '0.055'}, {'attribute': '106401_Income', 'value': '0.053'}, {'attribute': '102854_Housing situation', 'value': '0.053'}, {'attribute': '100212_Family status', 'value': '0.047'}, {'attribute': '100013_Occupation Type', 'value': '0.038'}, {'attribute': '102854_Family status', 'value': '0.059'}, {'attribute': '100212_Income type', 'value': '0.05'}, {'attribute': '100212_Goods Price', 'value': '0.051'}, {'attribute': '100212_Income', 'value': '0.042'}]
106261
unfair
[{'attribute': '100212_Loan Credit amount ', 'value': '0.045'}, {'attribute': '100013_Housing situation', 'value': '0.04'}, {'attribute': '106647_Owns Car', 'value': '0.073'}, {'attribute': '102854_Years since changing registration', 'value': '0.042'}, {'attribute': '100013_Number of Credit Bureau enquiries 1 year before application', 'value': '0.053'}, {'attribute': '100013_Income type', 'value': '0.055'}, {'attribute': '106401_Income', 'value': '0.053'}, {'attribute': '102854_Housing situation', 'value': '0.053'}, {'attribute': '100212_Family status', 'value': '0.047'}, {'attribute': '100013_Occupation Type', 'value': '0.038'}, {'attribute': '102854_Family status', 'value': '0.059'}, {'attribute': '100212_Income type', 'value': '0.05'}, {'attribute': '100212_Goods Price', 'value': '0.051'}, {'attribute': '100212_Income', 'value': '0.042'}]
102838
fair
[{'attribute': '100212_Loan Credit amount ', 'value': '0.045'}, {'attribute': '100013_Housing situation', 'value': '0.04'}, {'attribute': '106647_Owns Car', 'value': '0.073'}, {'attribute': '102854_Years since changing registration', 'value': '0.042'}, {'attribute': '100013_Number of Credit Bureau enquiries 1 year before application', 'value': '0.053'}, {'attribute': '100013_Income type', 'value': '0.055'}, {'attribute': '106401_Income', 'value': '0.053'}, {'attribute': '102854_Housing situation', 'value': '0.053'}, {'attribute': '100212_Family status', 'value': '0.047'}, {'attribute': '100013_Occupation Type', 'value': '0.038'}, {'attribute': '102854_Family status', 'value': '0.059'}, {'attribute': '100212_Income type', 'value': '0.05'}, {'attribute': '100212_Goods Price', 'value': '0.051'}, {'attribute': '100212_Income', 'value': '0.042'}]
100001
fair
[{'attribute': '100212_Loan Credit amount ', 'value': '0.045'}, {'attribute': '100013_Housing situation', 'value': '0.04'}, {'attribute': '106647_Owns Car', 'value': '0.073'}, {'attribute': '102854_Years since changing registration', 'value': '0.042'}, {'attribute': '100013_Number of Credit Bureau enquiries 1 year before application', 'value': '0.053'}, {'attribute': '100013_Income type', 'value': '0.055'}, {'attribute': '106401_Income', 'value': '0.053'}, {'attribute': '102854_Housing situation', 'value': '0.053'}, {'attribute': '100212_Family status', 'value': '0.047'}, {'attribute': '100013_Occupation Type', 'value': '0.038'}, {'attribute': '102854_Family status', 'value': '0.059'}, {'attribute': '100212_Income type', 'value': '0.05'}, {'attribute': '100212_Goods Price', 'value': '0.051'}, {'attribute': '100212_Income', 'value': '0.042'}]
100091
unfair
[{'attribute': '100212_Loan Credit amount ', 'value': '0.045'}, {'attribute': '100013_Housing situation', 'value': '0.04'}, {'attribute': '106647_Owns Car', 'value': '0.073'}, {'attribute': '102854_Years since changing registration', 'value': '0.042'}, {'attribute': '100013_Number of Credit Bureau enquiries 1 year before application', 'value': '0.053'}, {'attribute': '100013_Income type', 'value': '0.055'}, {'attribute': '106401_Income', 'value': '0.053'}, {'attribute': '102854_Housing situation', 'value': '0.053'}, {'attribute': '100212_Family status', 'value': '0.047'}, {'attribute': '100013_Occupation Type', 'value': '0.038'}, {'attribute': '102854_Family status', 'value': '0.059'}, {'attribute': '100212_Income type', 'value': '0.05'}, {'attribute': '100212_Goods Price', 'value': '0.051'}, {'attribute': '100212_Income', 'value': '0.042'}]
102770
fair
[{'attribute': '100212_Loan Credit amount ', 'value': '0.045'}, {'attribute': '100013_Housing situation', 'value': '0.04'}, {'attribute': '106647_Owns Car', 'value': '0.073'}, {'attribute': '102854_Years since changing registration', 'value': '0.042'}, {'attribute': '100013_Number of Credit Bureau enquiries 1 year before application', 'value': '0.053'}, {'attribute': '100013_Income type', 'value': '0.055'}, {'attribute': '106401_Income', 'value': '0.053'}, {'attribute': '102854_Housing situation', 'value': '0.053'}, {'attribute': '100212_Family status', 'value': '0.047'}, {'attribute': '100013_Occupation Type', 'value': '0.038'}, {'attribute': '102854_Family status', 'value': '0.059'}, {'attribute': '100212_Income type', 'value': '0.05'}, {'attribute': '100212_Goods Price', 'value': '0.051'}, {'attribute': '100212_Income', 'value': '0.042'}]
106258
fair
[{'attribute': '100212_Loan Credit amount ', 'value': '0.045'}, {'attribute': '100013_Housing situation', 'value': '0.04'}, {'attribute': '106647_Owns Car', 'value': '0.073'}, {'attribute': '102854_Years since changing registration', 'value': '0.042'}, {'attribute': '100013_Number of Credit Bureau enquiries 1 year before application', 'value': '0.053'}, {'attribute': '100013_Income type', 'value': '0.055'}, {'attribute': '106401_Income', 'value': '0.053'}, {'attribute': '102854_Housing situation', 'value': '0.053'}, {'attribute': '100212_Family status', 'value': '0.047'}, {'attribute': '100013_Occupation Type', 'value': '0.038'}, {'attribute': '102854_Family status', 'value': '0.059'}, {'attribute': '100212_Income type', 'value': '0.05'}, {'attribute': '100212_Goods Price', 'value': '0.051'}, {'attribute': '100212_Income', 'value': '0.042'}]
100057
fair
[{'attribute': '100212_Loan Credit amount ', 'value': '0.045'}, {'attribute': '100013_Housing situation', 'value': '0.04'}, {'attribute': '106647_Owns Car', 'value': '0.073'}, {'attribute': '102854_Years since changing registration', 'value': '0.042'}, {'attribute': '100013_Number of Credit Bureau enquiries 1 year before application', 'value': '0.053'}, {'attribute': '100013_Income type', 'value': '0.055'}, {'attribute': '106401_Income', 'value': '0.053'}, {'attribute': '102854_Housing situation', 'value': '0.053'}, {'attribute': '100212_Family status', 'value': '0.047'}, {'attribute': '100013_Occupation Type', 'value': '0.038'}, {'attribute': '102854_Family status', 'value': '0.059'}, {'attribute': '100212_Income type', 'value': '0.05'}, {'attribute': '100212_Goods Price', 'value': '0.051'}, {'attribute': '100212_Income', 'value': '0.042'}, {'attribute': '100057_Occupation Type', 'value': '0.064'}]
100241
fair
[{'attribute': '100212_Loan Credit amount ', 'value': '0.045'}, {'attribute': '100013_Housing situation', 'value': '0.04'}, {'attribute': '106647_Owns Car', 'value': '0.073'}, {'attribute': '102854_Years since changing registration', 'value': '0.042'}, {'attribute': '100013_Number of Credit Bureau enquiries 1 year before application', 'value': '0.053'}, {'attribute': '100013_Income type', 'value': '0.055'}, {'attribute': '106401_Income', 'value': '0.053'}, {'attribute': '102854_Housing situation', 'value': '0.053'}, {'attribute': '100212_Family status', 'value': '0.047'}, {'attribute': '100013_Occupation Type', 'value': '0.038'}, {'attribute': '102854_Family status', 'value': '0.059'}, {'attribute': '100212_Income type', 'value': '0.05'}, {'attribute': '100212_Goods Price', 'value': '0.051'}, {'attribute': '100212_Income', 'value': '0.042'}, {'attribute': '100057_Occupation Type', 'value': '0.064'}]
100170
fair
[{'attribute': '100212_Loan Credit amount ', 'value': '0.045'}, {'attribute': '100013_Housing situation', 'value': '0.04'}, {'attribute': '106647_Owns Car', 'value': '0.073'}, {'attribute': '102854_Years since changing registration', 'value': '0.042'}, {'attribute': '100013_Number of Credit Bureau enquiries 1 year before application', 'value': '0.053'}, {'attribute': '100013_Income type', 'value': '0.055'}, {'attribute': '106401_Income', 'value': '0.053'}, {'attribute': '102854_Housing situation', 'value': '0.053'}, {'attribute': '100212_Family status', 'value': '0.047'}, {'attribute': '100013_Occupation Type', 'value': '0.038'}, {'attribute': '102854_Family status', 'value': '0.059'}, {'attribute': '100212_Income type', 'value': '0.05'}, {'attribute': '100212_Goods Price', 'value': '0.051'}, {'attribute': '100212_Income', 'value': '0.042'}, {'attribute': '100057_Occupation Type', 'value': '0.064'}]
100066
fair
[{'attribute': '100212_Loan Credit amount ', 'value': '0.045'}, {'attribute': '100013_Housing situation', 'value': '0.04'}, {'attribute': '106647_Owns Car', 'value': '0.073'}, {'attribute': '102854_Years since changing registration', 'value': '0.042'}, {'attribute': '100013_Number of Credit Bureau enquiries 1 year before application', 'value': '0.053'}, {'attribute': '100013_Income type', 'value': '0.055'}, {'attribute': '106401_Income', 'value': '0.053'}, {'attribute': '102854_Housing situation', 'value': '0.053'}, {'attribute': '100212_Family status', 'value': '0.047'}, {'attribute': '100013_Occupation Type', 'value': '0.038'}, {'attribute': '102854_Family status', 'value': '0.059'}, {'attribute': '100212_Income type', 'value': '0.05'}, {'attribute': '100212_Goods Price', 'value': '0.051'}, {'attribute': '100212_Income', 'value': '0.042'}, {'attribute': '100057_Occupation Type', 'value': '0.064'}]
100128
fair
[{'attribute': '100212_Loan Credit amount ', 'value': '0.045'}, {'attribute': '100013_Housing situation', 'value': '0.04'}, {'attribute': '106647_Owns Car', 'value': '0.073'}, {'attribute': '102854_Years since changing registration', 'value': '0.042'}, {'attribute': '100013_Number of Credit Bureau enquiries 1 year before application', 'value': '0.053'}, {'attribute': '100013_Income type', 'value': '0.055'}, {'attribute': '106401_Income', 'value': '0.053'}, {'attribute': '102854_Housing situation', 'value': '0.053'}, {'attribute': '100212_Family status', 'value': '0.047'}, {'attribute': '100013_Occupation Type', 'value': '0.038'}, {'attribute': '102854_Family status', 'value': '0.059'}, {'attribute': '100212_Income type', 'value': '0.05'}, {'attribute': '100212_Goods Price', 'value': '0.051'}, {'attribute': '100212_Income', 'value': '0.042'}, {'attribute': '100057_Occupation Type', 'value': '0.064'}]
100150
fair
[{'attribute': '100212_Loan Credit amount ', 'value': '0.045'}, {'attribute': '100013_Housing situation', 'value': '0.04'}, {'attribute': '106647_Owns Car', 'value': '0.073'}, {'attribute': '102854_Years since changing registration', 'value': '0.042'}, {'attribute': '100013_Number of Credit Bureau enquiries 1 year before application', 'value': '0.053'}, {'attribute': '100013_Income type', 'value': '0.055'}, {'attribute': '106401_Income', 'value': '0.053'}, {'attribute': '102854_Housing situation', 'value': '0.053'}, {'attribute': '100212_Family status', 'value': '0.047'}, {'attribute': '100013_Occupation Type', 'value': '0.038'}, {'attribute': '102854_Family status', 'value': '0.059'}, {'attribute': '100212_Income type', 'value': '0.05'}, {'attribute': '100212_Goods Price', 'value': '0.051'}, {'attribute': '100212_Income', 'value': '0.042'}, {'attribute': '100057_Occupation Type', 'value': '0.064'}]
106249
fair
[{'attribute': '100212_Loan Credit amount ', 'value': '0.045'}, {'attribute': '100013_Housing situation', 'value': '0.04'}, {'attribute': '106647_Owns Car', 'value': '0.073'}, {'attribute': '102854_Years since changing registration', 'value': '0.042'}, {'attribute': '100013_Number of Credit Bureau enquiries 1 year before application', 'value': '0.053'}, {'attribute': '106249_Housing situation', 'value': '0.04'}, {'attribute': '100013_Income type', 'value': '0.055'}, {'attribute': '106401_Income', 'value': '0.053'}, {'attribute': '102854_Housing situation', 'value': '0.053'}, {'attribute': '100212_Family status', 'value': '0.047'}, {'attribute': '100013_Occupation Type', 'value': '0.038'}, {'attribute': '102854_Family status', 'value': '0.059'}, {'attribute': '100212_Income type', 'value': '0.05'}, {'attribute': '100212_Goods Price', 'value': '0.051'}, {'attribute': '100212_Income', 'value': '0.042'}, {'attribute': '100057_Occupation Type', 'value': '0.064'}]
100171
fair
[{'attribute': '100212_Loan Credit amount ', 'value': '0.045'}, {'attribute': '100013_Housing situation', 'value': '0.04'}, {'attribute': '106647_Owns Car', 'value': '0.073'}, {'attribute': '102854_Years since changing registration', 'value': '0.042'}, {'attribute': '100013_Number of Credit Bureau enquiries 1 year before application', 'value': '0.053'}, {'attribute': '106249_Housing situation', 'value': '0.04'}, {'attribute': '100013_Income type', 'value': '0.055'}, {'attribute': '100171_Loan Credit amount ', 'value': '0.042'}, {'attribute': '106401_Income', 'value': '0.053'}, {'attribute': '102854_Housing situation', 'value': '0.053'}, {'attribute': '100212_Family status', 'value': '0.047'}, {'attribute': '100013_Occupation Type', 'value': '0.038'}, {'attribute': '102854_Family status', 'value': '0.059'}, {'attribute': '100212_Income type', 'value': '0.05'}, {'attribute': '100212_Goods Price', 'value': '0.051'}, {'attribute': '100171_Income', 'value': '0.041'}, {'attribute': '100212_Income', 'value': '0.042'}, {'attribute': '100057_Occupation Type', 'value': '0.064'}]
100065
fair
[{'attribute': '100065_Loan Credit amount ', 'value': '0.052'}, {'attribute': '100212_Loan Credit amount ', 'value': '0.045'}, {'attribute': '100013_Housing situation', 'value': '0.04'}, {'attribute': '106647_Owns Car', 'value': '0.073'}, {'attribute': '102854_Years since changing registration', 'value': '0.042'}, {'attribute': '100013_Number of Credit Bureau enquiries 1 year before application', 'value': '0.053'}, {'attribute': '106249_Housing situation', 'value': '0.04'}, {'attribute': '100013_Income type', 'value': '0.055'}, {'attribute': '100171_Loan Credit amount ', 'value': '0.042'}, {'attribute': '106401_Income', 'value': '0.053'}, {'attribute': '102854_Housing situation', 'value': '0.053'}, {'attribute': '100212_Family status', 'value': '0.047'}, {'attribute': '100013_Occupation Type', 'value': '0.038'}, {'attribute': '102854_Family status', 'value': '0.059'}, {'attribute': '100212_Income type', 'value': '0.05'}, {'attribute': '100212_Goods Price', 'value': '0.051'}, {'attribute': '100171_Income', 'value': '0.041'}, {'attribute': '100212_Income', 'value': '0.042'}, {'attribute': '100057_Occupation Type', 'value': '0.064'}, {'attribute': '100065_Goods Price', 'value': '0.062'}]
100117
fair
[{'attribute': '100065_Loan Credit amount ', 'value': '0.052'}, {'attribute': '100117_Income', 'value': '0.044'}, {'attribute': '100212_Loan Credit amount ', 'value': '0.045'}, {'attribute': '100013_Housing situation', 'value': '0.04'}, {'attribute': '106647_Owns Car', 'value': '0.073'}, {'attribute': '102854_Years since changing registration', 'value': '0.042'}, {'attribute': '100013_Number of Credit Bureau enquiries 1 year before application', 'value': '0.053'}, {'attribute': '106249_Housing situation', 'value': '0.04'}, {'attribute': '100117_Loan Credit amount ', 'value': '0.051'}, {'attribute': '100013_Income type', 'value': '0.055'}, {'attribute': '100171_Loan Credit amount ', 'value': '0.042'}, {'attribute': '106401_Income', 'value': '0.053'}, {'attribute': '102854_Housing situation', 'value': '0.053'}, {'attribute': '100212_Family status', 'value': '0.047'}, {'attribute': '100013_Occupation Type', 'value': '0.038'}, {'attribute': '102854_Family status', 'value': '0.059'}, {'attribute': '100212_Income type', 'value': '0.05'}, {'attribute': '100212_Goods Price', 'value': '0.051'}, {'attribute': '100171_Income', 'value': '0.041'}, {'attribute': '100212_Income', 'value': '0.042'}, {'attribute': '100057_Occupation Type', 'value': '0.064'}, {'attribute': '100065_Goods Price', 'value': '0.062'}, {'attribute': '100117_Goods Price', 'value': '0.039'}]
