106647
fair
[]
106401
unfair
[]
101367
fair
[]
106488
unfair
[{'attribute': '101367_Income type', 'value': '0.02'}]
105035
unfair
[{'attribute': '101367_Income type', 'value': '0.02'}]
100278
unfair
[{'attribute': '101367_Income type', 'value': '0.02'}]
105802
fair
[{'attribute': '101367_Income type', 'value': '0.02'}]
101715
unfair
[{'attribute': '101367_Income type', 'value': '0.02'}]
106802
fair
[{'attribute': '101367_Income type', 'value': '0.02'}]
100241
fair
[{'attribute': '101367_Income type', 'value': '0.02'}]
104860
unfair
[{'attribute': '101367_Income type', 'value': '0.02'}]
103570
fair
[{'attribute': '101367_Income type', 'value': '0.02'}]
100445
fair
[{'attribute': '101367_Income type', 'value': '0.02'}]
103102
fair
[{'attribute': '101367_Income type', 'value': '0.02'}]
105067
unfair
[{'attribute': '101367_Income type', 'value': '0.02'}]
104921
fair
[{'attribute': '101367_Income type', 'value': '0.02'}]
105672
fair
[{'attribute': '101367_Income type', 'value': '0.02'}]
102701
fair
[{'attribute': '101367_Income type', 'value': '0.02'}]
102450
unfair
[{'attribute': '101367_Income type', 'value': '0.02'}]
101225
fair
[{'attribute': '101367_Income type', 'value': '0.02'}]
103420
unfair
[{'attribute': '101367_Income type', 'value': '0.02'}]
106585
fair
[{'attribute': '101367_Income type', 'value': '0.02'}]
104410
unfair
[{'attribute': '101367_Income type', 'value': '0.02'}]
105231
fair
[{'attribute': '101367_Income type', 'value': '0.02'}]
104398
unfair
[{'attribute': '101367_Income type', 'value': '0.02'}]
106354
fair
[{'attribute': '101367_Income type', 'value': '0.02'}]
104320
fair
[{'attribute': '101367_Income type', 'value': '0.02'}]
105528
unfair
[{'attribute': '101367_Income type', 'value': '0.02'}]
101008
fair
[{'attribute': '101367_Income type', 'value': '0.02'}]
106314
unfair
[{'attribute': '101367_Income type', 'value': '0.02'}]
105074
fair
[{'attribute': '101367_Income type', 'value': '0.02'}]
100982
unfair
[{'attribute': '101367_Income type', 'value': '0.02'}]
101976
fair
[{'attribute': '101367_Income type', 'value': '0.02'}]
104294
unfair
[{'attribute': '101367_Income type', 'value': '0.02'}]
106428
fair
[{'attribute': '101367_Income type', 'value': '0.02'}]
102912
fair
[{'attribute': '101367_Income type', 'value': '0.02'}]
103628
unfair
[{'attribute': '101367_Income type', 'value': '0.02'}]
100744
fair
[{'attribute': '101367_Income type', 'value': '0.02'}]
