103940
fair
[]
106647
fair
[]
100278
unfair
[{'attribute': '106488_Owns Car', 'value': '0.051'}, {'attribute': '106488_Installments', 'value': '0.051'}]
100445
fair
[{'attribute': '103102_Years in current employment', 'value': '0.034'}, {'attribute': '100445_Has Phone', 'value': '0.033'}, {'attribute': '103102_Income type', 'value': '0.035'}, {'attribute': '100445_Has email', 'value': '0.036'}, {'attribute': '106488_Owns Car', 'value': '0.051'}, {'attribute': '100445_Mobile reachable', 'value': '0.037'}, {'attribute': '100445_Has Mobile', 'value': '0.03'}, {'attribute': '100445_Housing situation', 'value': '0.026'}, {'attribute': '106488_Installments', 'value': '0.051'}, {'attribute': '103102_Age', 'value': '0.036'}]
106401
unfair
[{'attribute': '103102_Years in current employment', 'value': '0.034'}, {'attribute': '100445_Has Phone', 'value': '0.033'}, {'attribute': '103102_Income type', 'value': '0.035'}, {'attribute': '100445_Has email', 'value': '0.036'}, {'attribute': '106401_Age', 'value': '0.044'}, {'attribute': '106488_Owns Car', 'value': '0.051'}, {'attribute': '100445_Mobile reachable', 'value': '0.037'}, {'attribute': '100445_Has Mobile', 'value': '0.03'}, {'attribute': '106401_Housing situation', 'value': '0.032'}, {'attribute': '100445_Housing situation', 'value': '0.026'}, {'attribute': '106488_Installments', 'value': '0.051'}, {'attribute': '103102_Age', 'value': '0.036'}]
106488
fair
[{'attribute': '106488_Gender', 'value': '0.028'}, {'attribute': '106488_Owns Car', 'value': '0.051'}, {'attribute': '106488_Has Mobile', 'value': '0.02'}, {'attribute': '100445_Mobile reachable', 'value': '0.037'}, {'attribute': '100445_Has Mobile', 'value': '0.03'}, {'attribute': '106401_Age', 'value': '0.044'}, {'attribute': '106488_Installments', 'value': '0.023'}, {'attribute': '106488_Years in current employment', 'value': '0.034'}, {'attribute': '103102_Years in current employment', 'value': '0.034'}, {'attribute': '100445_Has Phone', 'value': '0.033'}, {'attribute': '103102_Income type', 'value': '0.035'}, {'attribute': '106488_Housing situation', 'value': '0.029'}, {'attribute': '100445_Has email', 'value': '0.036'}, {'attribute': '106488_Mobile reachable', 'value': '0.021'}, {'attribute': '106488_Income type', 'value': '0.019'}, {'attribute': '106488_Has Employee Phone', 'value': '0.019'}, {'attribute': '106401_Housing situation', 'value': '0.032'}, {'attribute': '100445_Housing situation', 'value': '0.026'}, {'attribute': '103102_Age', 'value': '0.036'}]
101367
fair
[{'attribute': '106488_Gender', 'value': '0.028'}, {'attribute': '106488_Owns Car', 'value': '0.051'}, {'attribute': '106488_Has Mobile', 'value': '0.02'}, {'attribute': '101367_Gender', 'value': '0.049'}, {'attribute': '100445_Mobile reachable', 'value': '0.037'}, {'attribute': '100445_Has Mobile', 'value': '0.03'}, {'attribute': '106401_Age', 'value': '0.044'}, {'attribute': '106488_Installments', 'value': '0.023'}, {'attribute': '106488_Years in current employment', 'value': '0.034'}, {'attribute': '103102_Years in current employment', 'value': '0.034'}, {'attribute': '100445_Has Phone', 'value': '0.033'}, {'attribute': '103102_Income type', 'value': '0.035'}, {'attribute': '106488_Housing situation', 'value': '0.029'}, {'attribute': '100445_Has email', 'value': '0.036'}, {'attribute': '106488_Mobile reachable', 'value': '0.021'}, {'attribute': '106488_Income type', 'value': '0.019'}, {'attribute': '106488_Has Employee Phone', 'value': '0.019'}, {'attribute': '101367_Age', 'value': '0.042'}, {'attribute': '106401_Housing situation', 'value': '0.032'}, {'attribute': '100445_Housing situation', 'value': '0.026'}, {'attribute': '103102_Age', 'value': '0.036'}]
100241
fair
[{'attribute': '100241_Age', 'value': '0.037'}, {'attribute': '106488_Gender', 'value': '0.028'}, {'attribute': '106488_Owns Car', 'value': '0.051'}, {'attribute': '106488_Has Mobile', 'value': '0.02'}, {'attribute': '101367_Gender', 'value': '0.049'}, {'attribute': '100445_Mobile reachable', 'value': '0.037'}, {'attribute': '100445_Has Mobile', 'value': '0.03'}, {'attribute': '106401_Age', 'value': '0.044'}, {'attribute': '106488_Installments', 'value': '0.023'}, {'attribute': '106488_Years in current employment', 'value': '0.034'}, {'attribute': '103102_Years in current employment', 'value': '0.034'}, {'attribute': '100445_Has Phone', 'value': '0.033'}, {'attribute': '103102_Income type', 'value': '0.035'}, {'attribute': '106488_Housing situation', 'value': '0.029'}, {'attribute': '100445_Has email', 'value': '0.036'}, {'attribute': '106488_Mobile reachable', 'value': '0.021'}, {'attribute': '106488_Income type', 'value': '0.019'}, {'attribute': '106488_Has Employee Phone', 'value': '0.019'}, {'attribute': '101367_Age', 'value': '0.042'}, {'attribute': '106401_Housing situation', 'value': '0.032'}, {'attribute': '100445_Housing situation', 'value': '0.026'}, {'attribute': '103102_Age', 'value': '0.036'}]
106802
fair
[{'attribute': '100241_Age', 'value': '0.037'}, {'attribute': '106488_Gender', 'value': '0.028'}, {'attribute': '106488_Owns Car', 'value': '0.051'}, {'attribute': '106488_Has Mobile', 'value': '0.02'}, {'attribute': '101367_Gender', 'value': '0.049'}, {'attribute': '100445_Mobile reachable', 'value': '0.037'}, {'attribute': '100445_Has Mobile', 'value': '0.03'}, {'attribute': '106802_Income type', 'value': '0.039'}, {'attribute': '106401_Age', 'value': '0.044'}, {'attribute': '106488_Installments', 'value': '0.023'}, {'attribute': '106488_Years in current employment', 'value': '0.034'}, {'attribute': '103102_Years in current employment', 'value': '0.034'}, {'attribute': '100445_Has Phone', 'value': '0.033'}, {'attribute': '103102_Income type', 'value': '0.035'}, {'attribute': '106488_Housing situation', 'value': '0.029'}, {'attribute': '100445_Has email', 'value': '0.036'}, {'attribute': '106488_Mobile reachable', 'value': '0.021'}, {'attribute': '106488_Income type', 'value': '0.019'}, {'attribute': '106488_Has Employee Phone', 'value': '0.019'}, {'attribute': '101367_Age', 'value': '0.042'}, {'attribute': '106401_Housing situation', 'value': '0.032'}, {'attribute': '100445_Housing situation', 'value': '0.026'}, {'attribute': '103102_Age', 'value': '0.036'}]
